{"D:\\SU26\\SWP391\\swp391-su26-ai-audit-project-swp391_se20a04_group-04\\.src\\backend\\server.js": {"path":"D:\\SU26\\SWP391\\swp391-su26-ai-audit-project-swp391_se20a04_group-04\\.src\\backend\\server.js","statementMap":{"0":{"start":{"line":2,"column":16},"end":{"line":2,"column":34}},"1":{"start":{"line":3,"column":13},"end":{"line":3,"column":28}},"2":{"start":{"line":4,"column":15},"end":{"line":4,"column":32}},"3":{"start":{"line":5,"column":0},"end":{"line":5,"column":76}},"4":{"start":{"line":7,"column":21},"end":{"line":7,"column":47}},"5":{"start":{"line":8,"column":33},"end":{"line":8,"column":61}},"6":{"start":{"line":9,"column":23},"end":{"line":9,"column":59}},"7":{"start":{"line":10,"column":24},"end":{"line":10,"column":61}},"8":{"start":{"line":11,"column":28},"end":{"line":11,"column":69}},"9":{"start":{"line":12,"column":23},"end":{"line":12,"column":59}},"10":{"start":{"line":13,"column":25},"end":{"line":13,"column":63}},"11":{"start":{"line":14,"column":25},"end":{"line":14,"column":63}},"12":{"start":{"line":15,"column":22},"end":{"line":15,"column":57}},"13":{"start":{"line":17,"column":12},"end":{"line":17,"column":21}},"14":{"start":{"line":18,"column":13},"end":{"line":18,"column":37}},"15":{"start":{"line":19,"column":25},"end":{"line":19,"column":53}},"16":{"start":{"line":20,"column":24},"end":{"line":20,"column":57}},"17":{"start":{"line":21,"column":22},"end":{"line":21,"column":53}},"18":{"start":{"line":22,"column":27},"end":{"line":22,"column":63}},"19":{"start":{"line":23,"column":27},"end":{"line":25,"column":35}},"20":{"start":{"line":28,"column":0},"end":{"line":31,"column":4}},"21":{"start":{"line":33,"column":0},"end":{"line":33,"column":41}},"22":{"start":{"line":34,"column":0},"end":{"line":34,"column":63}},"23":{"start":{"line":37,"column":25},"end":{"line":37,"column":32}},"24":{"start":{"line":44,"column":2},"end":{"line":53,"column":4}},"25":{"start":{"line":60,"column":0},"end":{"line":141,"column":3}},"26":{"start":{"line":64,"column":56},"end":{"line":64,"column":64}},"27":{"start":{"line":66,"column":2},"end":{"line":68,"column":3}},"28":{"start":{"line":67,"column":4},"end":{"line":67,"column":110}},"29":{"start":{"line":70,"column":2},"end":{"line":140,"column":3}},"30":{"start":{"line":71,"column":4},"end":{"line":71,"column":69}},"31":{"start":{"line":74,"column":22},"end":{"line":74,"column":105}},"32":{"start":{"line":75,"column":27},"end":{"line":79,"column":6}},"33":{"start":{"line":81,"column":23},"end":{"line":81,"column":50}},"34":{"start":{"line":83,"column":4},"end":{"line":97,"column":5}},"35":{"start":{"line":84,"column":23},"end":{"line":84,"column":70}},"36":{"start":{"line":85,"column":6},"end":{"line":85,"column":71}},"37":{"start":{"line":87,"column":6},"end":{"line":89,"column":7}},"38":{"start":{"line":88,"column":8},"end":{"line":88,"column":103}},"39":{"start":{"line":90,"column":6},"end":{"line":92,"column":7}},"40":{"start":{"line":91,"column":8},"end":{"line":91,"column":108}},"41":{"start":{"line":93,"column":6},"end":{"line":95,"column":7}},"42":{"start":{"line":94,"column":8},"end":{"line":94,"column":78}},"43":{"start":{"line":96,"column":6},"end":{"line":96,"column":55}},"44":{"start":{"line":99,"column":16},"end":{"line":99,"column":34}},"45":{"start":{"line":100,"column":20},"end":{"line":100,"column":38}},"46":{"start":{"line":103,"column":4},"end":{"line":103,"column":68}},"47":{"start":{"line":104,"column":23},"end":{"line":104,"column":111}},"48":{"start":{"line":105,"column":28},"end":{"line":109,"column":6}},"49":{"start":{"line":111,"column":4},"end":{"line":114,"column":5}},"50":{"start":{"line":112,"column":23},"end":{"line":112,"column":51}},"51":{"start":{"line":113,"column":6},"end":{"line":113,"column":99}},"52":{"start":{"line":117,"column":21},"end":{"line":127,"column":5}},"53":{"start":{"line":131,"column":4},"end":{"line":131,"column":92}},"54":{"start":{"line":132,"column":4},"end":{"line":132,"column":65}},"55":{"start":{"line":134,"column":4},"end":{"line":134,"column":77}},"56":{"start":{"line":135,"column":4},"end":{"line":135,"column":51}},"57":{"start":{"line":138,"column":4},"end":{"line":138,"column":65}},"58":{"start":{"line":139,"column":4},"end":{"line":139,"column":114}},"59":{"start":{"line":146,"column":0},"end":{"line":227,"column":3}},"60":{"start":{"line":147,"column":30},"end":{"line":147,"column":38}},"61":{"start":{"line":149,"column":2},"end":{"line":151,"column":3}},"62":{"start":{"line":150,"column":4},"end":{"line":150,"column":82}},"63":{"start":{"line":153,"column":2},"end":{"line":226,"column":3}},"64":{"start":{"line":154,"column":4},"end":{"line":154,"column":58}},"65":{"start":{"line":157,"column":22},"end":{"line":157,"column":117}},"66":{"start":{"line":158,"column":27},"end":{"line":162,"column":6}},"67":{"start":{"line":164,"column":23},"end":{"line":164,"column":50}},"68":{"start":{"line":166,"column":4},"end":{"line":177,"column":5}},"69":{"start":{"line":167,"column":23},"end":{"line":167,"column":72}},"70":{"start":{"line":168,"column":6},"end":{"line":168,"column":77}},"71":{"start":{"line":170,"column":6},"end":{"line":172,"column":7}},"72":{"start":{"line":171,"column":8},"end":{"line":171,"column":105}},"73":{"start":{"line":173,"column":6},"end":{"line":175,"column":7}},"74":{"start":{"line":174,"column":8},"end":{"line":174,"column":122}},"75":{"start":{"line":176,"column":6},"end":{"line":176,"column":55}},"76":{"start":{"line":179,"column":16},"end":{"line":179,"column":34}},"77":{"start":{"line":180,"column":20},"end":{"line":180,"column":38}},"78":{"start":{"line":183,"column":23},"end":{"line":183,"column":46}},"79":{"start":{"line":185,"column":4},"end":{"line":190,"column":5}},"80":{"start":{"line":186,"column":6},"end":{"line":186,"column":78}},"81":{"start":{"line":187,"column":6},"end":{"line":189,"column":9}},"82":{"start":{"line":193,"column":4},"end":{"line":193,"column":72}},"83":{"start":{"line":194,"column":18},"end":{"line":194,"column":70}},"84":{"start":{"line":196,"column":19},"end":{"line":196,"column":21}},"85":{"start":{"line":197,"column":4},"end":{"line":215,"column":5}},"86":{"start":{"line":198,"column":6},"end":{"line":198,"column":52}},"87":{"start":{"line":201,"column":6},"end":{"line":204,"column":7}},"88":{"start":{"line":202,"column":8},"end":{"line":202,"column":87}},"89":{"start":{"line":203,"column":8},"end":{"line":203,"column":38}},"90":{"start":{"line":207,"column":6},"end":{"line":214,"column":8}},"91":{"start":{"line":217,"column":4},"end":{"line":217,"column":58}},"92":{"start":{"line":218,"column":4},"end":{"line":221,"column":7}},"93":{"start":{"line":224,"column":4},"end":{"line":224,"column":64}},"94":{"start":{"line":225,"column":4},"end":{"line":225,"column":106}},"95":{"start":{"line":232,"column":0},"end":{"line":283,"column":3}},"96":{"start":{"line":233,"column":22},"end":{"line":233,"column":30}},"97":{"start":{"line":235,"column":2},"end":{"line":237,"column":3}},"98":{"start":{"line":236,"column":4},"end":{"line":236,"column":80}},"99":{"start":{"line":239,"column":2},"end":{"line":282,"column":3}},"100":{"start":{"line":240,"column":25},"end":{"line":240,"column":58}},"101":{"start":{"line":241,"column":16},"end":{"line":241,"column":32}},"102":{"start":{"line":242,"column":18},"end":{"line":242,"column":42}},"103":{"start":{"line":243,"column":26},"end":{"line":243,"column":61}},"104":{"start":{"line":245,"column":4},"end":{"line":245,"column":72}},"105":{"start":{"line":247,"column":23},"end":{"line":247,"column":46}},"106":{"start":{"line":249,"column":18},"end":{"line":249,"column":70}},"107":{"start":{"line":251,"column":19},"end":{"line":251,"column":21}},"108":{"start":{"line":252,"column":4},"end":{"line":272,"column":5}},"109":{"start":{"line":253,"column":6},"end":{"line":253,"column":52}},"110":{"start":{"line":254,"column":6},"end":{"line":257,"column":7}},"111":{"start":{"line":255,"column":8},"end":{"line":255,"column":87}},"112":{"start":{"line":256,"column":8},"end":{"line":256,"column":38}},"113":{"start":{"line":259,"column":6},"end":{"line":269,"column":8}},"114":{"start":{"line":271,"column":6},"end":{"line":271,"column":67}},"115":{"start":{"line":274,"column":4},"end":{"line":274,"column":71}},"116":{"start":{"line":275,"column":4},"end":{"line":275,"column":68}},"117":{"start":{"line":277,"column":4},"end":{"line":277,"column":82}},"118":{"start":{"line":278,"column":4},"end":{"line":280,"column":5}},"119":{"start":{"line":279,"column":6},"end":{"line":279,"column":92}},"120":{"start":{"line":281,"column":4},"end":{"line":281,"column":118}},"121":{"start":{"line":288,"column":0},"end":{"line":296,"column":3}},"122":{"start":{"line":289,"column":2},"end":{"line":295,"column":3}},"123":{"start":{"line":290,"column":22},"end":{"line":290,"column":57}},"124":{"start":{"line":291,"column":4},"end":{"line":291,"column":43}},"125":{"start":{"line":293,"column":4},"end":{"line":293,"column":72}},"126":{"start":{"line":294,"column":4},"end":{"line":294,"column":58}},"127":{"start":{"line":301,"column":0},"end":{"line":313,"column":3}},"128":{"start":{"line":302,"column":27},"end":{"line":302,"column":36}},"129":{"start":{"line":303,"column":2},"end":{"line":305,"column":3}},"130":{"start":{"line":304,"column":4},"end":{"line":304,"column":86}},"131":{"start":{"line":306,"column":2},"end":{"line":312,"column":3}},"132":{"start":{"line":307,"column":18},"end":{"line":307,"column":71}},"133":{"start":{"line":308,"column":4},"end":{"line":308,"column":39}},"134":{"start":{"line":310,"column":4},"end":{"line":310,"column":96}},"135":{"start":{"line":311,"column":4},"end":{"line":311,"column":58}},"136":{"start":{"line":318,"column":0},"end":{"line":330,"column":3}},"137":{"start":{"line":319,"column":39},"end":{"line":319,"column":48}},"138":{"start":{"line":320,"column":2},"end":{"line":322,"column":3}},"139":{"start":{"line":321,"column":4},"end":{"line":321,"column":111}},"140":{"start":{"line":323,"column":2},"end":{"line":329,"column":3}},"141":{"start":{"line":324,"column":22},"end":{"line":324,"column":86}},"142":{"start":{"line":325,"column":4},"end":{"line":325,"column":43}},"143":{"start":{"line":327,"column":4},"end":{"line":327,"column":68}},"144":{"start":{"line":328,"column":4},"end":{"line":328,"column":58}},"145":{"start":{"line":336,"column":2},"end":{"line":356,"column":3}},"146":{"start":{"line":337,"column":18},"end":{"line":337,"column":74}},"147":{"start":{"line":338,"column":4},"end":{"line":340,"column":5}},"148":{"start":{"line":339,"column":6},"end":{"line":339,"column":64}},"149":{"start":{"line":341,"column":4},"end":{"line":343,"column":5}},"150":{"start":{"line":342,"column":6},"end":{"line":342,"column":105}},"151":{"start":{"line":345,"column":21},"end":{"line":345,"column":59}},"152":{"start":{"line":346,"column":17},"end":{"line":346,"column":45}},"153":{"start":{"line":347,"column":4},"end":{"line":349,"column":5}},"154":{"start":{"line":348,"column":6},"end":{"line":348,"column":131}},"155":{"start":{"line":351,"column":4},"end":{"line":351,"column":31}},"156":{"start":{"line":352,"column":4},"end":{"line":352,"column":11}},"157":{"start":{"line":354,"column":4},"end":{"line":354,"column":73}},"158":{"start":{"line":355,"column":4},"end":{"line":355,"column":89}},"159":{"start":{"line":360,"column":2},"end":{"line":377,"column":3}},"160":{"start":{"line":361,"column":20},"end":{"line":361,"column":76}},"161":{"start":{"line":362,"column":4},"end":{"line":364,"column":5}},"162":{"start":{"line":363,"column":6},"end":{"line":363,"column":105}},"163":{"start":{"line":366,"column":21},"end":{"line":366,"column":59}},"164":{"start":{"line":367,"column":17},"end":{"line":367,"column":45}},"165":{"start":{"line":368,"column":4},"end":{"line":370,"column":5}},"166":{"start":{"line":369,"column":6},"end":{"line":369,"column":103}},"167":{"start":{"line":372,"column":4},"end":{"line":372,"column":31}},"168":{"start":{"line":373,"column":4},"end":{"line":373,"column":11}},"169":{"start":{"line":375,"column":4},"end":{"line":375,"column":75}},"170":{"start":{"line":376,"column":4},"end":{"line":376,"column":91}},"171":{"start":{"line":381,"column":2},"end":{"line":398,"column":3}},"172":{"start":{"line":382,"column":20},"end":{"line":382,"column":76}},"173":{"start":{"line":383,"column":4},"end":{"line":385,"column":5}},"174":{"start":{"line":384,"column":6},"end":{"line":384,"column":105}},"175":{"start":{"line":387,"column":21},"end":{"line":387,"column":59}},"176":{"start":{"line":388,"column":17},"end":{"line":388,"column":45}},"177":{"start":{"line":389,"column":4},"end":{"line":391,"column":5}},"178":{"start":{"line":390,"column":6},"end":{"line":390,"column":97}},"179":{"start":{"line":393,"column":4},"end":{"line":393,"column":31}},"180":{"start":{"line":394,"column":4},"end":{"line":394,"column":11}},"181":{"start":{"line":396,"column":4},"end":{"line":396,"column":74}},"182":{"start":{"line":397,"column":4},"end":{"line":397,"column":90}},"183":{"start":{"line":405,"column":2},"end":{"line":422,"column":3}},"184":{"start":{"line":406,"column":20},"end":{"line":406,"column":76}},"185":{"start":{"line":407,"column":4},"end":{"line":409,"column":5}},"186":{"start":{"line":408,"column":6},"end":{"line":408,"column":105}},"187":{"start":{"line":411,"column":21},"end":{"line":411,"column":59}},"188":{"start":{"line":412,"column":17},"end":{"line":412,"column":45}},"189":{"start":{"line":413,"column":4},"end":{"line":415,"column":5}},"190":{"start":{"line":414,"column":6},"end":{"line":414,"column":96}},"191":{"start":{"line":417,"column":4},"end":{"line":417,"column":31}},"192":{"start":{"line":418,"column":4},"end":{"line":418,"column":11}},"193":{"start":{"line":420,"column":4},"end":{"line":420,"column":71}},"194":{"start":{"line":421,"column":4},"end":{"line":421,"column":87}},"195":{"start":{"line":429,"column":0},"end":{"line":447,"column":3}},"196":{"start":{"line":430,"column":2},"end":{"line":446,"column":3}},"197":{"start":{"line":432,"column":21},"end":{"line":432,"column":105}},"198":{"start":{"line":433,"column":16},"end":{"line":437,"column":6}},"199":{"start":{"line":434,"column":16},"end":{"line":434,"column":49}},"200":{"start":{"line":435,"column":6},"end":{"line":435,"column":47}},"201":{"start":{"line":436,"column":6},"end":{"line":436,"column":15}},"202":{"start":{"line":439,"column":4},"end":{"line":442,"column":7}},"203":{"start":{"line":444,"column":4},"end":{"line":444,"column":60}},"204":{"start":{"line":445,"column":4},"end":{"line":445,"column":73}},"205":{"start":{"line":449,"column":0},"end":{"line":481,"column":3}},"206":{"start":{"line":450,"column":2},"end":{"line":480,"column":3}},"207":{"start":{"line":451,"column":70},"end":{"line":451,"column":78}},"208":{"start":{"line":452,"column":4},"end":{"line":454,"column":5}},"209":{"start":{"line":453,"column":6},"end":{"line":453,"column":99}},"210":{"start":{"line":456,"column":23},"end":{"line":461,"column":6}},"211":{"start":{"line":463,"column":21},"end":{"line":473,"column":5}},"212":{"start":{"line":475,"column":4},"end":{"line":475,"column":76}},"213":{"start":{"line":476,"column":4},"end":{"line":476,"column":66}},"214":{"start":{"line":478,"column":4},"end":{"line":478,"column":50}},"215":{"start":{"line":479,"column":4},"end":{"line":479,"column":84}},"216":{"start":{"line":483,"column":0},"end":{"line":509,"column":3}},"217":{"start":{"line":484,"column":2},"end":{"line":508,"column":3}},"218":{"start":{"line":485,"column":20},"end":{"line":485,"column":30}},"219":{"start":{"line":486,"column":53},"end":{"line":486,"column":61}},"220":{"start":{"line":488,"column":4},"end":{"line":490,"column":7}},"221":{"start":{"line":492,"column":23},"end":{"line":499,"column":5}},"222":{"start":{"line":501,"column":4},"end":{"line":501,"column":70}},"223":{"start":{"line":503,"column":20},"end":{"line":503,"column":72}},"224":{"start":{"line":504,"column":4},"end":{"line":504,"column":49}},"225":{"start":{"line":506,"column":4},"end":{"line":506,"column":50}},"226":{"start":{"line":507,"column":4},"end":{"line":507,"column":85}},"227":{"start":{"line":511,"column":0},"end":{"line":521,"column":3}},"228":{"start":{"line":512,"column":2},"end":{"line":520,"column":3}},"229":{"start":{"line":513,"column":20},"end":{"line":513,"column":30}},"230":{"start":{"line":514,"column":4},"end":{"line":514,"column":31}},"231":{"start":{"line":515,"column":4},"end":{"line":515,"column":60}},"232":{"start":{"line":516,"column":4},"end":{"line":516,"column":58}},"233":{"start":{"line":518,"column":4},"end":{"line":518,"column":50}},"234":{"start":{"line":519,"column":4},"end":{"line":519,"column":80}},"235":{"start":{"line":523,"column":0},"end":{"line":587,"column":3}},"236":{"start":{"line":524,"column":2},"end":{"line":586,"column":3}},"237":{"start":{"line":525,"column":26},"end":{"line":525,"column":35}},"238":{"start":{"line":527,"column":29},"end":{"line":527,"column":66}},"239":{"start":{"line":528,"column":21},"end":{"line":528,"column":23}},"240":{"start":{"line":529,"column":4},"end":{"line":531,"column":7}},"241":{"start":{"line":530,"column":6},"end":{"line":530,"column":51}},"242":{"start":{"line":533,"column":20},"end":{"line":533,"column":79}},"243":{"start":{"line":533,"column":51},"end":{"line":533,"column":60}},"244":{"start":{"line":534,"column":21},"end":{"line":534,"column":23}},"245":{"start":{"line":535,"column":4},"end":{"line":551,"column":5}},"246":{"start":{"line":536,"column":19},"end":{"line":536,"column":77}},"247":{"start":{"line":536,"column":37},"end":{"line":536,"column":76}},"248":{"start":{"line":537,"column":6},"end":{"line":550,"column":7}},"249":{"start":{"line":537,"column":19},"end":{"line":537,"column":20}},"250":{"start":{"line":538,"column":26},"end":{"line":538,"column":48}},"251":{"start":{"line":539,"column":25},"end":{"line":539,"column":54}},"252":{"start":{"line":540,"column":8},"end":{"line":549,"column":11}},"253":{"start":{"line":541,"column":10},"end":{"line":548,"column":11}},"254":{"start":{"line":542,"column":22},"end":{"line":542,"column":55}},"255":{"start":{"line":543,"column":12},"end":{"line":547,"column":14}},"256":{"start":{"line":553,"column":23},"end":{"line":562,"column":6}},"257":{"start":{"line":554,"column":19},"end":{"line":554,"column":44}},"258":{"start":{"line":555,"column":6},"end":{"line":561,"column":8}},"259":{"start":{"line":564,"column":4},"end":{"line":566,"column":5}},"260":{"start":{"line":565,"column":6},"end":{"line":565,"column":67}},"261":{"start":{"line":565,"column":46},"end":{"line":565,"column":65}},"262":{"start":{"line":567,"column":20},"end":{"line":574,"column":5}},"263":{"start":{"line":568,"column":6},"end":{"line":568,"column":29}},"264":{"start":{"line":568,"column":20},"end":{"line":568,"column":29}},"265":{"start":{"line":569,"column":6},"end":{"line":569,"column":74}},"266":{"start":{"line":569,"column":39},"end":{"line":569,"column":74}},"267":{"start":{"line":570,"column":6},"end":{"line":570,"column":60}},"268":{"start":{"line":570,"column":26},"end":{"line":570,"column":60}},"269":{"start":{"line":571,"column":6},"end":{"line":571,"column":59}},"270":{"start":{"line":571,"column":28},"end":{"line":571,"column":59}},"271":{"start":{"line":572,"column":6},"end":{"line":572,"column":57}},"272":{"start":{"line":572,"column":27},"end":{"line":572,"column":57}},"273":{"start":{"line":573,"column":6},"end":{"line":573,"column":41}},"274":{"start":{"line":576,"column":4},"end":{"line":580,"column":7}},"275":{"start":{"line":577,"column":20},"end":{"line":577,"column":52}},"276":{"start":{"line":578,"column":20},"end":{"line":578,"column":52}},"277":{"start":{"line":579,"column":6},"end":{"line":579,"column":27}},"278":{"start":{"line":582,"column":4},"end":{"line":582,"column":56}},"279":{"start":{"line":584,"column":4},"end":{"line":584,"column":65}},"280":{"start":{"line":585,"column":4},"end":{"line":585,"column":77}},"281":{"start":{"line":589,"column":0},"end":{"line":624,"column":3}},"282":{"start":{"line":590,"column":2},"end":{"line":623,"column":3}},"283":{"start":{"line":591,"column":21},"end":{"line":591,"column":102}},"284":{"start":{"line":592,"column":21},"end":{"line":592,"column":23}},"285":{"start":{"line":593,"column":4},"end":{"line":593,"column":76}},"286":{"start":{"line":593,"column":28},"end":{"line":593,"column":74}},"287":{"start":{"line":595,"column":20},"end":{"line":595,"column":79}},"288":{"start":{"line":595,"column":52},"end":{"line":595,"column":60}},"289":{"start":{"line":596,"column":21},"end":{"line":596,"column":23}},"290":{"start":{"line":597,"column":4},"end":{"line":609,"column":5}},"291":{"start":{"line":598,"column":19},"end":{"line":598,"column":77}},"292":{"start":{"line":598,"column":37},"end":{"line":598,"column":76}},"293":{"start":{"line":599,"column":6},"end":{"line":608,"column":7}},"294":{"start":{"line":599,"column":19},"end":{"line":599,"column":20}},"295":{"start":{"line":600,"column":26},"end":{"line":600,"column":48}},"296":{"start":{"line":601,"column":25},"end":{"line":601,"column":54}},"297":{"start":{"line":602,"column":8},"end":{"line":607,"column":11}},"298":{"start":{"line":603,"column":10},"end":{"line":606,"column":11}},"299":{"start":{"line":604,"column":22},"end":{"line":604,"column":55}},"300":{"start":{"line":605,"column":12},"end":{"line":605,"column":53}},"301":{"start":{"line":611,"column":4},"end":{"line":614,"column":8}},"302":{"start":{"line":611,"column":38},"end":{"line":614,"column":5}},"303":{"start":{"line":616,"column":4},"end":{"line":619,"column":7}},"304":{"start":{"line":621,"column":4},"end":{"line":621,"column":64}},"305":{"start":{"line":622,"column":4},"end":{"line":622,"column":71}},"306":{"start":{"line":628,"column":0},"end":{"line":640,"column":3}},"307":{"start":{"line":629,"column":2},"end":{"line":639,"column":3}},"308":{"start":{"line":630,"column":21},"end":{"line":630,"column":101}},"309":{"start":{"line":631,"column":23},"end":{"line":631,"column":25}},"310":{"start":{"line":632,"column":4},"end":{"line":634,"column":7}},"311":{"start":{"line":633,"column":6},"end":{"line":633,"column":57}},"312":{"start":{"line":635,"column":4},"end":{"line":635,"column":44}},"313":{"start":{"line":637,"column":4},"end":{"line":637,"column":67}},"314":{"start":{"line":638,"column":4},"end":{"line":638,"column":87}},"315":{"start":{"line":642,"column":0},"end":{"line":652,"column":3}},"316":{"start":{"line":643,"column":2},"end":{"line":651,"column":3}},"317":{"start":{"line":644,"column":21},"end":{"line":644,"column":102}},"318":{"start":{"line":645,"column":22},"end":{"line":645,"column":24}},"319":{"start":{"line":646,"column":4},"end":{"line":646,"column":77}},"320":{"start":{"line":646,"column":30},"end":{"line":646,"column":75}},"321":{"start":{"line":647,"column":4},"end":{"line":647,"column":43}},"322":{"start":{"line":649,"column":4},"end":{"line":649,"column":64}},"323":{"start":{"line":650,"column":4},"end":{"line":650,"column":88}},"324":{"start":{"line":654,"column":0},"end":{"line":708,"column":3}},"325":{"start":{"line":668,"column":6},"end":{"line":668,"column":14}},"326":{"start":{"line":670,"column":2},"end":{"line":672,"column":3}},"327":{"start":{"line":671,"column":4},"end":{"line":671,"column":95}},"328":{"start":{"line":674,"column":2},"end":{"line":676,"column":3}},"329":{"start":{"line":675,"column":4},"end":{"line":675,"column":92}},"330":{"start":{"line":678,"column":2},"end":{"line":707,"column":3}},"331":{"start":{"line":679,"column":25},"end":{"line":679,"column":52}},"332":{"start":{"line":680,"column":4},"end":{"line":682,"column":5}},"333":{"start":{"line":681,"column":6},"end":{"line":681,"column":76}},"334":{"start":{"line":684,"column":24},"end":{"line":700,"column":5}},"335":{"start":{"line":702,"column":19},"end":{"line":702,"column":79}},"336":{"start":{"line":703,"column":4},"end":{"line":703,"column":89}},"337":{"start":{"line":705,"column":4},"end":{"line":705,"column":68}},"338":{"start":{"line":706,"column":4},"end":{"line":706,"column":96}},"339":{"start":{"line":710,"column":0},"end":{"line":741,"column":3}},"340":{"start":{"line":711,"column":75},"end":{"line":711,"column":83}},"341":{"start":{"line":712,"column":2},"end":{"line":714,"column":3}},"342":{"start":{"line":713,"column":4},"end":{"line":713,"column":100}},"343":{"start":{"line":716,"column":2},"end":{"line":740,"column":3}},"344":{"start":{"line":717,"column":19},"end":{"line":717,"column":72}},"345":{"start":{"line":718,"column":21},"end":{"line":718,"column":39}},"346":{"start":{"line":719,"column":4},"end":{"line":721,"column":5}},"347":{"start":{"line":720,"column":6},"end":{"line":720,"column":83}},"348":{"start":{"line":723,"column":25},"end":{"line":723,"column":40}},"349":{"start":{"line":724,"column":4},"end":{"line":726,"column":5}},"350":{"start":{"line":725,"column":6},"end":{"line":725,"column":107}},"351":{"start":{"line":728,"column":4},"end":{"line":734,"column":7}},"352":{"start":{"line":736,"column":4},"end":{"line":736,"column":51}},"353":{"start":{"line":738,"column":4},"end":{"line":738,"column":74}},"354":{"start":{"line":739,"column":4},"end":{"line":739,"column":98}},"355":{"start":{"line":743,"column":0},"end":{"line":767,"column":3}},"356":{"start":{"line":744,"column":25},"end":{"line":744,"column":33}},"357":{"start":{"line":745,"column":2},"end":{"line":747,"column":3}},"358":{"start":{"line":746,"column":4},"end":{"line":746,"column":91}},"359":{"start":{"line":749,"column":2},"end":{"line":766,"column":3}},"360":{"start":{"line":750,"column":19},"end":{"line":750,"column":72}},"361":{"start":{"line":751,"column":21},"end":{"line":751,"column":39}},"362":{"start":{"line":752,"column":4},"end":{"line":754,"column":5}},"363":{"start":{"line":753,"column":6},"end":{"line":753,"column":81}},"364":{"start":{"line":756,"column":4},"end":{"line":760,"column":7}},"365":{"start":{"line":762,"column":4},"end":{"line":762,"column":51}},"366":{"start":{"line":764,"column":4},"end":{"line":764,"column":84}},"367":{"start":{"line":765,"column":4},"end":{"line":765,"column":94}},"368":{"start":{"line":769,"column":0},"end":{"line":782,"column":3}},"369":{"start":{"line":770,"column":2},"end":{"line":781,"column":3}},"370":{"start":{"line":771,"column":17},"end":{"line":771,"column":72}},"371":{"start":{"line":772,"column":17},"end":{"line":776,"column":5}},"372":{"start":{"line":777,"column":4},"end":{"line":777,"column":57}},"373":{"start":{"line":779,"column":4},"end":{"line":779,"column":67}},"374":{"start":{"line":780,"column":4},"end":{"line":780,"column":81}},"375":{"start":{"line":784,"column":0},"end":{"line":797,"column":3}},"376":{"start":{"line":785,"column":2},"end":{"line":796,"column":3}},"377":{"start":{"line":786,"column":17},"end":{"line":786,"column":72}},"378":{"start":{"line":787,"column":19},"end":{"line":791,"column":5}},"379":{"start":{"line":792,"column":4},"end":{"line":792,"column":65}},"380":{"start":{"line":794,"column":4},"end":{"line":794,"column":66}},"381":{"start":{"line":795,"column":4},"end":{"line":795,"column":75}},"382":{"start":{"line":799,"column":0},"end":{"line":809,"column":3}},"383":{"start":{"line":800,"column":2},"end":{"line":808,"column":3}},"384":{"start":{"line":801,"column":17},"end":{"line":801,"column":90}},"385":{"start":{"line":802,"column":15},"end":{"line":802,"column":35}},"386":{"start":{"line":803,"column":17},"end":{"line":803,"column":80}},"387":{"start":{"line":804,"column":4},"end":{"line":804,"column":57}},"388":{"start":{"line":806,"column":4},"end":{"line":806,"column":69}},"389":{"start":{"line":807,"column":4},"end":{"line":807,"column":76}},"390":{"start":{"line":811,"column":0},"end":{"line":836,"column":3}},"391":{"start":{"line":812,"column":29},"end":{"line":812,"column":39}},"392":{"start":{"line":813,"column":59},"end":{"line":813,"column":67}},"393":{"start":{"line":815,"column":2},"end":{"line":835,"column":3}},"394":{"start":{"line":816,"column":19},"end":{"line":823,"column":6}},"395":{"start":{"line":824,"column":4},"end":{"line":828,"column":7}},"396":{"start":{"line":830,"column":19},"end":{"line":830,"column":38}},"397":{"start":{"line":831,"column":4},"end":{"line":833,"column":5}},"398":{"start":{"line":832,"column":6},"end":{"line":832,"column":79}},"399":{"start":{"line":834,"column":4},"end":{"line":834,"column":97}},"400":{"start":{"line":838,"column":0},"end":{"line":861,"column":3}},"401":{"start":{"line":839,"column":27},"end":{"line":839,"column":37}},"402":{"start":{"line":840,"column":20},"end":{"line":844,"column":3}},"403":{"start":{"line":845,"column":17},"end":{"line":845,"column":62}},"404":{"start":{"line":847,"column":2},"end":{"line":860,"column":3}},"405":{"start":{"line":848,"column":19},"end":{"line":855,"column":6}},"406":{"start":{"line":856,"column":4},"end":{"line":856,"column":116}},"407":{"start":{"line":858,"column":23},"end":{"line":858,"column":42}},"408":{"start":{"line":859,"column":4},"end":{"line":859,"column":107}},"409":{"start":{"line":863,"column":0},"end":{"line":871,"column":3}},"410":{"start":{"line":864,"column":2},"end":{"line":870,"column":3}},"411":{"start":{"line":865,"column":17},"end":{"line":865,"column":67}},"412":{"start":{"line":866,"column":4},"end":{"line":866,"column":57}},"413":{"start":{"line":868,"column":4},"end":{"line":868,"column":70}},"414":{"start":{"line":869,"column":4},"end":{"line":869,"column":80}},"415":{"start":{"line":873,"column":0},"end":{"line":881,"column":3}},"416":{"start":{"line":874,"column":2},"end":{"line":880,"column":3}},"417":{"start":{"line":875,"column":17},"end":{"line":875,"column":87}},"418":{"start":{"line":876,"column":4},"end":{"line":876,"column":57}},"419":{"start":{"line":878,"column":19},"end":{"line":878,"column":38}},"420":{"start":{"line":879,"column":4},"end":{"line":879,"column":95}},"421":{"start":{"line":883,"column":0},"end":{"line":904,"column":3}},"422":{"start":{"line":884,"column":41},"end":{"line":884,"column":49}},"423":{"start":{"line":885,"column":2},"end":{"line":903,"column":3}},"424":{"start":{"line":886,"column":19},"end":{"line":891,"column":5}},"425":{"start":{"line":892,"column":4},"end":{"line":896,"column":7}},"426":{"start":{"line":898,"column":23},"end":{"line":898,"column":42}},"427":{"start":{"line":899,"column":4},"end":{"line":901,"column":5}},"428":{"start":{"line":900,"column":6},"end":{"line":900,"column":67}},"429":{"start":{"line":902,"column":4},"end":{"line":902,"column":99}},"430":{"start":{"line":906,"column":0},"end":{"line":937,"column":3}},"431":{"start":{"line":907,"column":25},"end":{"line":907,"column":33}},"432":{"start":{"line":908,"column":2},"end":{"line":910,"column":3}},"433":{"start":{"line":909,"column":4},"end":{"line":909,"column":91}},"434":{"start":{"line":912,"column":2},"end":{"line":936,"column":3}},"435":{"start":{"line":913,"column":19},"end":{"line":913,"column":72}},"436":{"start":{"line":914,"column":21},"end":{"line":914,"column":39}},"437":{"start":{"line":915,"column":4},"end":{"line":917,"column":5}},"438":{"start":{"line":916,"column":6},"end":{"line":916,"column":81}},"439":{"start":{"line":919,"column":25},"end":{"line":919,"column":40}},"440":{"start":{"line":920,"column":21},"end":{"line":920,"column":87}},"441":{"start":{"line":921,"column":20},"end":{"line":921,"column":81}},"442":{"start":{"line":922,"column":4},"end":{"line":924,"column":5}},"443":{"start":{"line":923,"column":6},"end":{"line":923,"column":81}},"444":{"start":{"line":926,"column":4},"end":{"line":930,"column":7}},"445":{"start":{"line":932,"column":4},"end":{"line":932,"column":51}},"446":{"start":{"line":934,"column":4},"end":{"line":934,"column":84}},"447":{"start":{"line":935,"column":4},"end":{"line":935,"column":94}},"448":{"start":{"line":939,"column":0},"end":{"line":973,"column":3}},"449":{"start":{"line":940,"column":25},"end":{"line":940,"column":35}},"450":{"start":{"line":941,"column":26},"end":{"line":941,"column":34}},"451":{"start":{"line":943,"column":2},"end":{"line":945,"column":3}},"452":{"start":{"line":944,"column":4},"end":{"line":944,"column":85}},"453":{"start":{"line":947,"column":2},"end":{"line":949,"column":3}},"454":{"start":{"line":948,"column":4},"end":{"line":948,"column":92}},"455":{"start":{"line":951,"column":2},"end":{"line":972,"column":3}},"456":{"start":{"line":952,"column":19},"end":{"line":952,"column":72}},"457":{"start":{"line":953,"column":21},"end":{"line":953,"column":39}},"458":{"start":{"line":954,"column":4},"end":{"line":956,"column":5}},"459":{"start":{"line":955,"column":6},"end":{"line":955,"column":82}},"460":{"start":{"line":958,"column":25},"end":{"line":958,"column":40}},"461":{"start":{"line":959,"column":4},"end":{"line":961,"column":5}},"462":{"start":{"line":960,"column":6},"end":{"line":960,"column":107}},"463":{"start":{"line":963,"column":4},"end":{"line":966,"column":7}},"464":{"start":{"line":968,"column":4},"end":{"line":968,"column":51}},"465":{"start":{"line":970,"column":4},"end":{"line":970,"column":79}},"466":{"start":{"line":971,"column":4},"end":{"line":971,"column":103}},"467":{"start":{"line":975,"column":0},"end":{"line":1000,"column":3}},"468":{"start":{"line":976,"column":25},"end":{"line":976,"column":35}},"469":{"start":{"line":977,"column":2},"end":{"line":979,"column":3}},"470":{"start":{"line":978,"column":4},"end":{"line":978,"column":81}},"471":{"start":{"line":981,"column":2},"end":{"line":999,"column":3}},"472":{"start":{"line":982,"column":19},"end":{"line":982,"column":72}},"473":{"start":{"line":983,"column":21},"end":{"line":983,"column":39}},"474":{"start":{"line":984,"column":4},"end":{"line":986,"column":5}},"475":{"start":{"line":985,"column":6},"end":{"line":985,"column":85}},"476":{"start":{"line":988,"column":25},"end":{"line":988,"column":40}},"477":{"start":{"line":989,"column":4},"end":{"line":991,"column":5}},"478":{"start":{"line":990,"column":6},"end":{"line":990,"column":95}},"479":{"start":{"line":993,"column":4},"end":{"line":993,"column":26}},"480":{"start":{"line":994,"column":4},"end":{"line":994,"column":104}},"481":{"start":{"line":995,"column":4},"end":{"line":995,"column":95}},"482":{"start":{"line":997,"column":4},"end":{"line":997,"column":64}},"483":{"start":{"line":998,"column":4},"end":{"line":998,"column":96}},"484":{"start":{"line":1002,"column":0},"end":{"line":1012,"column":3}},"485":{"start":{"line":1003,"column":2},"end":{"line":1011,"column":3}},"486":{"start":{"line":1004,"column":21},"end":{"line":1004,"column":100}},"487":{"start":{"line":1005,"column":23},"end":{"line":1005,"column":25}},"488":{"start":{"line":1006,"column":4},"end":{"line":1006,"column":78}},"489":{"start":{"line":1006,"column":30},"end":{"line":1006,"column":76}},"490":{"start":{"line":1007,"column":4},"end":{"line":1007,"column":44}},"491":{"start":{"line":1009,"column":4},"end":{"line":1009,"column":60}},"492":{"start":{"line":1010,"column":4},"end":{"line":1010,"column":80}},"493":{"start":{"line":1014,"column":0},"end":{"line":1023,"column":3}},"494":{"start":{"line":1015,"column":2},"end":{"line":1022,"column":3}},"495":{"start":{"line":1016,"column":19},"end":{"line":1016,"column":43}},"496":{"start":{"line":1017,"column":17},"end":{"line":1017,"column":56}},"497":{"start":{"line":1018,"column":4},"end":{"line":1018,"column":57}},"498":{"start":{"line":1020,"column":4},"end":{"line":1020,"column":68}},"499":{"start":{"line":1021,"column":4},"end":{"line":1021,"column":91}},"500":{"start":{"line":1025,"column":0},"end":{"line":1033,"column":3}},"501":{"start":{"line":1026,"column":2},"end":{"line":1032,"column":3}},"502":{"start":{"line":1027,"column":17},"end":{"line":1027,"column":75}},"503":{"start":{"line":1028,"column":4},"end":{"line":1028,"column":57}},"504":{"start":{"line":1030,"column":4},"end":{"line":1030,"column":69}},"505":{"start":{"line":1031,"column":4},"end":{"line":1031,"column":75}},"506":{"start":{"line":1035,"column":0},"end":{"line":1051,"column":3}},"507":{"start":{"line":1036,"column":2},"end":{"line":1050,"column":3}},"508":{"start":{"line":1037,"column":19},"end":{"line":1042,"column":5}},"509":{"start":{"line":1043,"column":4},"end":{"line":1043,"column":40}},"510":{"start":{"line":1045,"column":19},"end":{"line":1045,"column":38}},"511":{"start":{"line":1046,"column":4},"end":{"line":1048,"column":5}},"512":{"start":{"line":1047,"column":6},"end":{"line":1047,"column":64}},"513":{"start":{"line":1049,"column":4},"end":{"line":1049,"column":92}},"514":{"start":{"line":1053,"column":0},"end":{"line":1091,"column":3}},"515":{"start":{"line":1054,"column":2},"end":{"line":1090,"column":3}},"516":{"start":{"line":1055,"column":29},"end":{"line":1055,"column":78}},"517":{"start":{"line":1056,"column":22},"end":{"line":1056,"column":24}},"518":{"start":{"line":1057,"column":4},"end":{"line":1057,"column":85}},"519":{"start":{"line":1057,"column":38},"end":{"line":1057,"column":83}},"520":{"start":{"line":1059,"column":30},"end":{"line":1059,"column":69}},"521":{"start":{"line":1060,"column":23},"end":{"line":1060,"column":25}},"522":{"start":{"line":1061,"column":4},"end":{"line":1061,"column":87}},"523":{"start":{"line":1061,"column":39},"end":{"line":1061,"column":85}},"524":{"start":{"line":1063,"column":27},"end":{"line":1063,"column":43}},"525":{"start":{"line":1064,"column":27},"end":{"line":1064,"column":105}},"526":{"start":{"line":1064,"column":54},"end":{"line":1064,"column":97}},"527":{"start":{"line":1065,"column":30},"end":{"line":1065,"column":128}},"528":{"start":{"line":1065,"column":57},"end":{"line":1065,"column":120}},"529":{"start":{"line":1066,"column":27},"end":{"line":1066,"column":111}},"530":{"start":{"line":1066,"column":55},"end":{"line":1066,"column":103}},"531":{"start":{"line":1067,"column":26},"end":{"line":1071,"column":10}},"532":{"start":{"line":1068,"column":18},"end":{"line":1068,"column":46}},"533":{"start":{"line":1069,"column":6},"end":{"line":1069,"column":37}},"534":{"start":{"line":1070,"column":6},"end":{"line":1070,"column":17}},"535":{"start":{"line":1073,"column":23},"end":{"line":1084,"column":5}},"536":{"start":{"line":1086,"column":4},"end":{"line":1086,"column":44}},"537":{"start":{"line":1088,"column":4},"end":{"line":1088,"column":59}},"538":{"start":{"line":1089,"column":4},"end":{"line":1089,"column":77}},"539":{"start":{"line":1094,"column":0},"end":{"line":1136,"column":3}},"540":{"start":{"line":1095,"column":2},"end":{"line":1135,"column":3}},"541":{"start":{"line":1109,"column":8},"end":{"line":1109,"column":16}},"542":{"start":{"line":1111,"column":4},"end":{"line":1113,"column":5}},"543":{"start":{"line":1112,"column":6},"end":{"line":1112,"column":109}},"544":{"start":{"line":1115,"column":20},"end":{"line":1129,"column":6}},"545":{"start":{"line":1131,"column":4},"end":{"line":1131,"column":41}},"546":{"start":{"line":1133,"column":4},"end":{"line":1133,"column":68}},"547":{"start":{"line":1134,"column":4},"end":{"line":1134,"column":58}},"548":{"start":{"line":1138,"column":0},"end":{"line":1160,"column":3}},"549":{"start":{"line":1139,"column":2},"end":{"line":1159,"column":3}},"550":{"start":{"line":1140,"column":20},"end":{"line":1140,"column":73}},"551":{"start":{"line":1141,"column":4},"end":{"line":1143,"column":5}},"552":{"start":{"line":1142,"column":6},"end":{"line":1142,"column":81}},"553":{"start":{"line":1145,"column":4},"end":{"line":1153,"column":5}},"554":{"start":{"line":1146,"column":6},"end":{"line":1152,"column":7}},"555":{"start":{"line":1147,"column":39},"end":{"line":1147,"column":108}},"556":{"start":{"line":1148,"column":8},"end":{"line":1148,"column":40}},"557":{"start":{"line":1149,"column":8},"end":{"line":1149,"column":40}},"558":{"start":{"line":1151,"column":8},"end":{"line":1151,"column":89}},"559":{"start":{"line":1155,"column":4},"end":{"line":1155,"column":41}},"560":{"start":{"line":1157,"column":4},"end":{"line":1157,"column":68}},"561":{"start":{"line":1158,"column":4},"end":{"line":1158,"column":58}},"562":{"start":{"line":1162,"column":0},"end":{"line":1173,"column":3}},"563":{"start":{"line":1163,"column":2},"end":{"line":1172,"column":3}},"564":{"start":{"line":1164,"column":20},"end":{"line":1164,"column":77}},"565":{"start":{"line":1165,"column":4},"end":{"line":1167,"column":5}},"566":{"start":{"line":1166,"column":6},"end":{"line":1166,"column":72}},"567":{"start":{"line":1168,"column":4},"end":{"line":1168,"column":41}},"568":{"start":{"line":1170,"column":4},"end":{"line":1170,"column":67}},"569":{"start":{"line":1171,"column":4},"end":{"line":1171,"column":58}},"570":{"start":{"line":1176,"column":2},"end":{"line":1176,"column":33}},"571":{"start":{"line":1176,"column":13},"end":{"line":1176,"column":33}},"572":{"start":{"line":1177,"column":14},"end":{"line":1192,"column":3}},"573":{"start":{"line":1193,"column":15},"end":{"line":1193,"column":69}},"574":{"start":{"line":1193,"column":42},"end":{"line":1193,"column":59}},"575":{"start":{"line":1194,"column":2},"end":{"line":1194,"column":48}},"576":{"start":{"line":1195,"column":2},"end":{"line":1195,"column":40}},"577":{"start":{"line":1199,"column":15},"end":{"line":1199,"column":129}},"578":{"start":{"line":1200,"column":2},"end":{"line":1200,"column":77}},"579":{"start":{"line":1205,"column":2},"end":{"line":1207,"column":3}},"580":{"start":{"line":1206,"column":4},"end":{"line":1206,"column":70}},"581":{"start":{"line":1209,"column":18},"end":{"line":1209,"column":35}},"582":{"start":{"line":1210,"column":2},"end":{"line":1215,"column":3}},"583":{"start":{"line":1212,"column":4},"end":{"line":1212,"column":27}},"584":{"start":{"line":1213,"column":4},"end":{"line":1213,"column":73}},"585":{"start":{"line":1214,"column":4},"end":{"line":1214,"column":34}},"586":{"start":{"line":1217,"column":17},"end":{"line":1217,"column":53}},"587":{"start":{"line":1218,"column":20},"end":{"line":1218,"column":42}},"588":{"start":{"line":1219,"column":20},"end":{"line":1219,"column":42}},"589":{"start":{"line":1222,"column":4},"end":{"line":1227,"column":52}},"590":{"start":{"line":1229,"column":2},"end":{"line":1344,"column":3}},"591":{"start":{"line":1230,"column":24},"end":{"line":1230,"column":70}},"592":{"start":{"line":1231,"column":19},"end":{"line":1231,"column":41}},"593":{"start":{"line":1233,"column":20},"end":{"line":1240,"column":5}},"594":{"start":{"line":1242,"column":18},"end":{"line":1249,"column":5}},"595":{"start":{"line":1251,"column":4},"end":{"line":1251,"column":85}},"596":{"start":{"line":1252,"column":19},"end":{"line":1260,"column":6}},"597":{"start":{"line":1262,"column":15},"end":{"line":1262,"column":36}},"598":{"start":{"line":1266,"column":4},"end":{"line":1317,"column":5}},"599":{"start":{"line":1267,"column":6},"end":{"line":1267,"column":91}},"600":{"start":{"line":1268,"column":6},"end":{"line":1290,"column":7}},"601":{"start":{"line":1269,"column":24},"end":{"line":1276,"column":10}},"602":{"start":{"line":1277,"column":24},"end":{"line":1277,"column":44}},"603":{"start":{"line":1280,"column":8},"end":{"line":1287,"column":9}},"604":{"start":{"line":1281,"column":10},"end":{"line":1281,"column":61}},"605":{"start":{"line":1282,"column":10},"end":{"line":1285,"column":13}},"606":{"start":{"line":1286,"column":10},"end":{"line":1286,"column":95}},"607":{"start":{"line":1289,"column":8},"end":{"line":1289,"column":77}},"608":{"start":{"line":1293,"column":6},"end":{"line":1293,"column":85}},"609":{"start":{"line":1294,"column":6},"end":{"line":1294,"column":64}},"610":{"start":{"line":1296,"column":6},"end":{"line":1298,"column":8}},"611":{"start":{"line":1299,"column":6},"end":{"line":1299,"column":36}},"612":{"start":{"line":1300,"column":6},"end":{"line":1300,"column":36}},"613":{"start":{"line":1302,"column":6},"end":{"line":1310,"column":9}},"614":{"start":{"line":1312,"column":6},"end":{"line":1312,"column":35}},"615":{"start":{"line":1313,"column":6},"end":{"line":1316,"column":7}},"616":{"start":{"line":1314,"column":8},"end":{"line":1314,"column":77}},"617":{"start":{"line":1315,"column":8},"end":{"line":1315,"column":38}},"618":{"start":{"line":1319,"column":4},"end":{"line":1319,"column":72}},"619":{"start":{"line":1322,"column":4},"end":{"line":1325,"column":5}},"620":{"start":{"line":1323,"column":6},"end":{"line":1323,"column":55}},"621":{"start":{"line":1324,"column":6},"end":{"line":1324,"column":81}},"622":{"start":{"line":1327,"column":24},"end":{"line":1327,"column":47}},"623":{"start":{"line":1329,"column":19},"end":{"line":1329,"column":45}},"624":{"start":{"line":1331,"column":4},"end":{"line":1334,"column":5}},"625":{"start":{"line":1332,"column":6},"end":{"line":1332,"column":80}},"626":{"start":{"line":1333,"column":6},"end":{"line":1333,"column":101}},"627":{"start":{"line":1337,"column":4},"end":{"line":1340,"column":7}},"628":{"start":{"line":1342,"column":4},"end":{"line":1342,"column":72}},"629":{"start":{"line":1343,"column":4},"end":{"line":1343,"column":47}},"630":{"start":{"line":1346,"column":2},"end":{"line":1348,"column":4}},"631":{"start":{"line":1353,"column":4},"end":{"line":1358,"column":52}},"632":{"start":{"line":1360,"column":2},"end":{"line":1383,"column":3}},"633":{"start":{"line":1361,"column":22},"end":{"line":1361,"column":39}},"634":{"start":{"line":1362,"column":4},"end":{"line":1364,"column":5}},"635":{"start":{"line":1363,"column":6},"end":{"line":1363,"column":74}},"636":{"start":{"line":1366,"column":4},"end":{"line":1366,"column":78}},"637":{"start":{"line":1367,"column":21},"end":{"line":1374,"column":6}},"638":{"start":{"line":1376,"column":17},"end":{"line":1376,"column":38}},"639":{"start":{"line":1377,"column":4},"end":{"line":1380,"column":5}},"640":{"start":{"line":1378,"column":6},"end":{"line":1378,"column":71}},"641":{"start":{"line":1379,"column":6},"end":{"line":1379,"column":89}},"642":{"start":{"line":1382,"column":4},"end":{"line":1382,"column":90}},"643":{"start":{"line":1385,"column":2},"end":{"line":1385,"column":14}},"644":{"start":{"line":1388,"column":0},"end":{"line":1405,"column":3}},"645":{"start":{"line":1389,"column":2},"end":{"line":1404,"column":3}},"646":{"start":{"line":1390,"column":20},"end":{"line":1390,"column":77}},"647":{"start":{"line":1391,"column":4},"end":{"line":1393,"column":5}},"648":{"start":{"line":1392,"column":6},"end":{"line":1392,"column":86}},"649":{"start":{"line":1395,"column":4},"end":{"line":1397,"column":5}},"650":{"start":{"line":1396,"column":6},"end":{"line":1396,"column":76}},"651":{"start":{"line":1399,"column":35},"end":{"line":1399,"column":104}},"652":{"start":{"line":1400,"column":4},"end":{"line":1400,"column":56}},"653":{"start":{"line":1402,"column":4},"end":{"line":1402,"column":76}},"654":{"start":{"line":1403,"column":4},"end":{"line":1403,"column":58}},"655":{"start":{"line":1407,"column":0},"end":{"line":1450,"column":3}},"656":{"start":{"line":1408,"column":2},"end":{"line":1449,"column":3}},"657":{"start":{"line":1409,"column":20},"end":{"line":1409,"column":77}},"658":{"start":{"line":1410,"column":4},"end":{"line":1412,"column":5}},"659":{"start":{"line":1411,"column":6},"end":{"line":1411,"column":72}},"660":{"start":{"line":1414,"column":4},"end":{"line":1416,"column":5}},"661":{"start":{"line":1415,"column":6},"end":{"line":1415,"column":59}},"662":{"start":{"line":1418,"column":17},"end":{"line":1418,"column":50}},"663":{"start":{"line":1419,"column":4},"end":{"line":1421,"column":5}},"664":{"start":{"line":1420,"column":6},"end":{"line":1420,"column":96}},"665":{"start":{"line":1423,"column":27},"end":{"line":1427,"column":6}},"666":{"start":{"line":1430,"column":22},"end":{"line":1430,"column":45}},"667":{"start":{"line":1431,"column":4},"end":{"line":1443,"column":7}},"668":{"start":{"line":1445,"column":4},"end":{"line":1445,"column":73}},"669":{"start":{"line":1447,"column":4},"end":{"line":1447,"column":75}},"670":{"start":{"line":1448,"column":4},"end":{"line":1448,"column":58}},"671":{"start":{"line":1452,"column":0},"end":{"line":1494,"column":3}},"672":{"start":{"line":1453,"column":2},"end":{"line":1493,"column":3}},"673":{"start":{"line":1467,"column":8},"end":{"line":1467,"column":16}},"674":{"start":{"line":1469,"column":4},"end":{"line":1471,"column":5}},"675":{"start":{"line":1470,"column":6},"end":{"line":1470,"column":117}},"676":{"start":{"line":1473,"column":20},"end":{"line":1487,"column":6}},"677":{"start":{"line":1489,"column":4},"end":{"line":1489,"column":41}},"678":{"start":{"line":1491,"column":4},"end":{"line":1491,"column":71}},"679":{"start":{"line":1492,"column":4},"end":{"line":1492,"column":58}},"680":{"start":{"line":1496,"column":0},"end":{"line":1498,"column":3}},"681":{"start":{"line":1497,"column":2},"end":{"line":1497,"column":64}},"682":{"start":{"line":1509,"column":21},"end":{"line":1509,"column":46}},"683":{"start":{"line":1510,"column":2},"end":{"line":1512,"column":3}},"684":{"start":{"line":1511,"column":4},"end":{"line":1511,"column":82}},"685":{"start":{"line":1514,"column":16},"end":{"line":1514,"column":46}},"686":{"start":{"line":1515,"column":2},"end":{"line":1522,"column":3}},"687":{"start":{"line":1516,"column":25},"end":{"line":1516,"column":56}},"688":{"start":{"line":1517,"column":4},"end":{"line":1517,"column":31}},"689":{"start":{"line":1518,"column":4},"end":{"line":1518,"column":11}},"690":{"start":{"line":1520,"column":4},"end":{"line":1520,"column":63}},"691":{"start":{"line":1521,"column":4},"end":{"line":1521,"column":96}},"692":{"start":{"line":1533,"column":0},"end":{"line":1545,"column":3}},"693":{"start":{"line":1534,"column":2},"end":{"line":1544,"column":3}},"694":{"start":{"line":1535,"column":19},"end":{"line":1539,"column":5}},"695":{"start":{"line":1540,"column":4},"end":{"line":1540,"column":40}},"696":{"start":{"line":1542,"column":4},"end":{"line":1542,"column":67}},"697":{"start":{"line":1543,"column":4},"end":{"line":1543,"column":58}},"698":{"start":{"line":1551,"column":0},"end":{"line":1559,"column":3}},"699":{"start":{"line":1552,"column":2},"end":{"line":1558,"column":3}},"700":{"start":{"line":1553,"column":19},"end":{"line":1553,"column":68}},"701":{"start":{"line":1554,"column":4},"end":{"line":1554,"column":40}},"702":{"start":{"line":1556,"column":4},"end":{"line":1556,"column":77}},"703":{"start":{"line":1557,"column":4},"end":{"line":1557,"column":58}},"704":{"start":{"line":1569,"column":0},"end":{"line":1577,"column":3}},"705":{"start":{"line":1570,"column":2},"end":{"line":1576,"column":3}},"706":{"start":{"line":1571,"column":26},"end":{"line":1571,"column":77}},"707":{"start":{"line":1572,"column":4},"end":{"line":1572,"column":47}},"708":{"start":{"line":1574,"column":4},"end":{"line":1574,"column":71}},"709":{"start":{"line":1575,"column":4},"end":{"line":1575,"column":58}},"710":{"start":{"line":1583,"column":0},"end":{"line":1593,"column":3}},"711":{"start":{"line":1584,"column":17},"end":{"line":1584,"column":27}},"712":{"start":{"line":1585,"column":2},"end":{"line":1592,"column":3}},"713":{"start":{"line":1586,"column":4},"end":{"line":1586,"column":54}},"714":{"start":{"line":1587,"column":4},"end":{"line":1587,"column":51}},"715":{"start":{"line":1589,"column":4},"end":{"line":1589,"column":82}},"716":{"start":{"line":1590,"column":23},"end":{"line":1590,"column":66}},"717":{"start":{"line":1591,"column":4},"end":{"line":1591,"column":65}},"718":{"start":{"line":1599,"column":0},"end":{"line":1607,"column":3}},"719":{"start":{"line":1600,"column":2},"end":{"line":1606,"column":3}},"720":{"start":{"line":1601,"column":19},"end":{"line":1601,"column":67}},"721":{"start":{"line":1602,"column":4},"end":{"line":1602,"column":62}},"722":{"start":{"line":1604,"column":4},"end":{"line":1604,"column":70}},"723":{"start":{"line":1605,"column":4},"end":{"line":1605,"column":58}},"724":{"start":{"line":1613,"column":0},"end":{"line":1621,"column":3}},"725":{"start":{"line":1614,"column":2},"end":{"line":1620,"column":3}},"726":{"start":{"line":1615,"column":21},"end":{"line":1615,"column":79}},"727":{"start":{"line":1616,"column":4},"end":{"line":1616,"column":42}},"728":{"start":{"line":1618,"column":4},"end":{"line":1618,"column":69}},"729":{"start":{"line":1619,"column":4},"end":{"line":1619,"column":58}},"730":{"start":{"line":1627,"column":0},"end":{"line":1636,"column":3}},"731":{"start":{"line":1628,"column":31},"end":{"line":1628,"column":39}},"732":{"start":{"line":1629,"column":2},"end":{"line":1635,"column":3}},"733":{"start":{"line":1630,"column":4},"end":{"line":1630,"column":88}},"734":{"start":{"line":1631,"column":4},"end":{"line":1631,"column":51}},"735":{"start":{"line":1633,"column":4},"end":{"line":1633,"column":74}},"736":{"start":{"line":1634,"column":4},"end":{"line":1634,"column":58}},"737":{"start":{"line":1643,"column":0},"end":{"line":1652,"column":3}},"738":{"start":{"line":1644,"column":2},"end":{"line":1651,"column":3}},"739":{"start":{"line":1645,"column":21},"end":{"line":1645,"column":30}},"740":{"start":{"line":1646,"column":26},"end":{"line":1646,"column":79}},"741":{"start":{"line":1647,"column":4},"end":{"line":1647,"column":47}},"742":{"start":{"line":1649,"column":4},"end":{"line":1649,"column":77}},"743":{"start":{"line":1650,"column":4},"end":{"line":1650,"column":58}},"744":{"start":{"line":1658,"column":0},"end":{"line":1666,"column":3}},"745":{"start":{"line":1659,"column":2},"end":{"line":1665,"column":3}},"746":{"start":{"line":1660,"column":19},"end":{"line":1660,"column":78}},"747":{"start":{"line":1661,"column":4},"end":{"line":1661,"column":40}},"748":{"start":{"line":1663,"column":4},"end":{"line":1663,"column":67}},"749":{"start":{"line":1664,"column":4},"end":{"line":1664,"column":58}},"750":{"start":{"line":1672,"column":0},"end":{"line":1680,"column":3}},"751":{"start":{"line":1673,"column":2},"end":{"line":1679,"column":3}},"752":{"start":{"line":1674,"column":19},"end":{"line":1674,"column":93}},"753":{"start":{"line":1675,"column":4},"end":{"line":1675,"column":40}},"754":{"start":{"line":1677,"column":4},"end":{"line":1677,"column":72}},"755":{"start":{"line":1678,"column":4},"end":{"line":1678,"column":58}},"756":{"start":{"line":1686,"column":0},"end":{"line":1694,"column":3}},"757":{"start":{"line":1687,"column":2},"end":{"line":1693,"column":3}},"758":{"start":{"line":1688,"column":19},"end":{"line":1688,"column":83}},"759":{"start":{"line":1689,"column":4},"end":{"line":1689,"column":40}},"760":{"start":{"line":1691,"column":4},"end":{"line":1691,"column":67}},"761":{"start":{"line":1692,"column":4},"end":{"line":1692,"column":58}},"762":{"start":{"line":1697,"column":0},"end":{"line":1704,"column":1}},"763":{"start":{"line":1698,"column":2},"end":{"line":1703,"column":5}},"764":{"start":{"line":1699,"column":4},"end":{"line":1699,"column":70}},"765":{"start":{"line":1700,"column":4},"end":{"line":1700,"column":75}},"766":{"start":{"line":1701,"column":4},"end":{"line":1701,"column":60}},"767":{"start":{"line":1702,"column":4},"end":{"line":1702,"column":70}},"768":{"start":{"line":1706,"column":0},"end":{"line":1706,"column":21}}},"fnMap":{"0":{"name":"normalizeUser","decl":{"start":{"line":43,"column":9},"end":{"line":43,"column":22}},"loc":{"start":{"line":43,"column":34},"end":{"line":54,"column":1}},"line":43},"1":{"name":"(anonymous_1)","decl":{"start":{"line":60,"column":31},"end":{"line":60,"column":32}},"loc":{"start":{"line":60,"column":51},"end":{"line":141,"column":1}},"line":60},"2":{"name":"(anonymous_2)","decl":{"start":{"line":146,"column":28},"end":{"line":146,"column":29}},"loc":{"start":{"line":146,"column":48},"end":{"line":227,"column":1}},"line":146},"3":{"name":"(anonymous_3)","decl":{"start":{"line":232,"column":35},"end":{"line":232,"column":36}},"loc":{"start":{"line":232,"column":55},"end":{"line":283,"column":1}},"line":232},"4":{"name":"(anonymous_4)","decl":{"start":{"line":288,"column":34},"end":{"line":288,"column":35}},"loc":{"start":{"line":288,"column":54},"end":{"line":296,"column":1}},"line":288},"5":{"name":"(anonymous_5)","decl":{"start":{"line":301,"column":30},"end":{"line":301,"column":31}},"loc":{"start":{"line":301,"column":50},"end":{"line":313,"column":1}},"line":301},"6":{"name":"(anonymous_6)","decl":{"start":{"line":318,"column":26},"end":{"line":318,"column":27}},"loc":{"start":{"line":318,"column":46},"end":{"line":330,"column":1}},"line":318},"7":{"name":"ensureManager","decl":{"start":{"line":335,"column":15},"end":{"line":335,"column":28}},"loc":{"start":{"line":335,"column":45},"end":{"line":357,"column":1}},"line":335},"8":{"name":"ensureCollector","decl":{"start":{"line":359,"column":15},"end":{"line":359,"column":30}},"loc":{"start":{"line":359,"column":47},"end":{"line":378,"column":1}},"line":359},"9":{"name":"ensureResident","decl":{"start":{"line":380,"column":15},"end":{"line":380,"column":29}},"loc":{"start":{"line":380,"column":46},"end":{"line":399,"column":1}},"line":380},"10":{"name":"ensureAdmin","decl":{"start":{"line":404,"column":15},"end":{"line":404,"column":26}},"loc":{"start":{"line":404,"column":43},"end":{"line":423,"column":1}},"line":404},"11":{"name":"(anonymous_11)","decl":{"start":{"line":429,"column":54},"end":{"line":429,"column":55}},"loc":{"start":{"line":429,"column":74},"end":{"line":447,"column":1}},"line":429},"12":{"name":"(anonymous_12)","decl":{"start":{"line":433,"column":34},"end":{"line":433,"column":35}},"loc":{"start":{"line":433,"column":41},"end":{"line":437,"column":5}},"line":433},"13":{"name":"(anonymous_13)","decl":{"start":{"line":449,"column":55},"end":{"line":449,"column":56}},"loc":{"start":{"line":449,"column":75},"end":{"line":481,"column":1}},"line":449},"14":{"name":"(anonymous_14)","decl":{"start":{"line":483,"column":59},"end":{"line":483,"column":60}},"loc":{"start":{"line":483,"column":79},"end":{"line":509,"column":1}},"line":483},"15":{"name":"(anonymous_15)","decl":{"start":{"line":511,"column":62},"end":{"line":511,"column":63}},"loc":{"start":{"line":511,"column":82},"end":{"line":521,"column":1}},"line":511},"16":{"name":"(anonymous_16)","decl":{"start":{"line":523,"column":61},"end":{"line":523,"column":62}},"loc":{"start":{"line":523,"column":81},"end":{"line":587,"column":1}},"line":523},"17":{"name":"(anonymous_17)","decl":{"start":{"line":529,"column":29},"end":{"line":529,"column":30}},"loc":{"start":{"line":529,"column":36},"end":{"line":531,"column":5}},"line":529},"18":{"name":"(anonymous_18)","decl":{"start":{"line":533,"column":45},"end":{"line":533,"column":46}},"loc":{"start":{"line":533,"column":51},"end":{"line":533,"column":60}},"line":533},"19":{"name":"(anonymous_19)","decl":{"start":{"line":536,"column":31},"end":{"line":536,"column":32}},"loc":{"start":{"line":536,"column":37},"end":{"line":536,"column":76}},"line":536},"20":{"name":"(anonymous_20)","decl":{"start":{"line":540,"column":25},"end":{"line":540,"column":26}},"loc":{"start":{"line":540,"column":32},"end":{"line":549,"column":9}},"line":540},"21":{"name":"(anonymous_21)","decl":{"start":{"line":553,"column":36},"end":{"line":553,"column":37}},"loc":{"start":{"line":553,"column":42},"end":{"line":562,"column":5}},"line":553},"22":{"name":"(anonymous_22)","decl":{"start":{"line":565,"column":41},"end":{"line":565,"column":42}},"loc":{"start":{"line":565,"column":46},"end":{"line":565,"column":65}},"line":565},"23":{"name":"(anonymous_23)","decl":{"start":{"line":567,"column":20},"end":{"line":567,"column":21}},"loc":{"start":{"line":567,"column":33},"end":{"line":574,"column":5}},"line":567},"24":{"name":"(anonymous_24)","decl":{"start":{"line":576,"column":22},"end":{"line":576,"column":23}},"loc":{"start":{"line":576,"column":32},"end":{"line":580,"column":5}},"line":576},"25":{"name":"(anonymous_25)","decl":{"start":{"line":589,"column":59},"end":{"line":589,"column":60}},"loc":{"start":{"line":589,"column":79},"end":{"line":624,"column":1}},"line":589},"26":{"name":"(anonymous_26)","decl":{"start":{"line":593,"column":21},"end":{"line":593,"column":22}},"loc":{"start":{"line":593,"column":28},"end":{"line":593,"column":74}},"line":593},"27":{"name":"(anonymous_27)","decl":{"start":{"line":595,"column":47},"end":{"line":595,"column":48}},"loc":{"start":{"line":595,"column":52},"end":{"line":595,"column":60}},"line":595},"28":{"name":"(anonymous_28)","decl":{"start":{"line":598,"column":31},"end":{"line":598,"column":32}},"loc":{"start":{"line":598,"column":37},"end":{"line":598,"column":76}},"line":598},"29":{"name":"(anonymous_29)","decl":{"start":{"line":602,"column":25},"end":{"line":602,"column":26}},"loc":{"start":{"line":602,"column":32},"end":{"line":607,"column":9}},"line":602},"30":{"name":"(anonymous_30)","decl":{"start":{"line":611,"column":32},"end":{"line":611,"column":33}},"loc":{"start":{"line":611,"column":38},"end":{"line":614,"column":5}},"line":611},"31":{"name":"(anonymous_31)","decl":{"start":{"line":628,"column":63},"end":{"line":628,"column":64}},"loc":{"start":{"line":628,"column":83},"end":{"line":640,"column":1}},"line":628},"32":{"name":"(anonymous_32)","decl":{"start":{"line":632,"column":21},"end":{"line":632,"column":22}},"loc":{"start":{"line":632,"column":28},"end":{"line":634,"column":5}},"line":632},"33":{"name":"(anonymous_33)","decl":{"start":{"line":642,"column":62},"end":{"line":642,"column":63}},"loc":{"start":{"line":642,"column":82},"end":{"line":652,"column":1}},"line":642},"34":{"name":"(anonymous_34)","decl":{"start":{"line":646,"column":21},"end":{"line":646,"column":22}},"loc":{"start":{"line":646,"column":30},"end":{"line":646,"column":75}},"line":646},"35":{"name":"(anonymous_35)","decl":{"start":{"line":654,"column":63},"end":{"line":654,"column":64}},"loc":{"start":{"line":654,"column":83},"end":{"line":708,"column":1}},"line":654},"36":{"name":"(anonymous_36)","decl":{"start":{"line":710,"column":66},"end":{"line":710,"column":67}},"loc":{"start":{"line":710,"column":86},"end":{"line":741,"column":1}},"line":710},"37":{"name":"(anonymous_37)","decl":{"start":{"line":743,"column":67},"end":{"line":743,"column":68}},"loc":{"start":{"line":743,"column":87},"end":{"line":767,"column":1}},"line":743},"38":{"name":"(anonymous_38)","decl":{"start":{"line":769,"column":66},"end":{"line":769,"column":67}},"loc":{"start":{"line":769,"column":86},"end":{"line":782,"column":1}},"line":769},"39":{"name":"(anonymous_39)","decl":{"start":{"line":784,"column":66},"end":{"line":784,"column":67}},"loc":{"start":{"line":784,"column":86},"end":{"line":797,"column":1}},"line":784},"40":{"name":"(anonymous_40)","decl":{"start":{"line":799,"column":67},"end":{"line":799,"column":68}},"loc":{"start":{"line":799,"column":87},"end":{"line":809,"column":1}},"line":799},"41":{"name":"(anonymous_41)","decl":{"start":{"line":811,"column":91},"end":{"line":811,"column":92}},"loc":{"start":{"line":811,"column":111},"end":{"line":836,"column":1}},"line":811},"42":{"name":"(anonymous_42)","decl":{"start":{"line":838,"column":87},"end":{"line":838,"column":88}},"loc":{"start":{"line":838,"column":107},"end":{"line":861,"column":1}},"line":838},"43":{"name":"(anonymous_43)","decl":{"start":{"line":863,"column":64},"end":{"line":863,"column":65}},"loc":{"start":{"line":863,"column":84},"end":{"line":871,"column":1}},"line":863},"44":{"name":"(anonymous_44)","decl":{"start":{"line":873,"column":73},"end":{"line":873,"column":74}},"loc":{"start":{"line":873,"column":93},"end":{"line":881,"column":1}},"line":873},"45":{"name":"(anonymous_45)","decl":{"start":{"line":883,"column":73},"end":{"line":883,"column":74}},"loc":{"start":{"line":883,"column":93},"end":{"line":904,"column":1}},"line":883},"46":{"name":"(anonymous_46)","decl":{"start":{"line":906,"column":71},"end":{"line":906,"column":72}},"loc":{"start":{"line":906,"column":91},"end":{"line":937,"column":1}},"line":906},"47":{"name":"(anonymous_47)","decl":{"start":{"line":939,"column":74},"end":{"line":939,"column":75}},"loc":{"start":{"line":939,"column":94},"end":{"line":973,"column":1}},"line":939},"48":{"name":"(anonymous_48)","decl":{"start":{"line":975,"column":77},"end":{"line":975,"column":78}},"loc":{"start":{"line":975,"column":97},"end":{"line":1000,"column":1}},"line":975},"49":{"name":"(anonymous_49)","decl":{"start":{"line":1002,"column":63},"end":{"line":1002,"column":64}},"loc":{"start":{"line":1002,"column":83},"end":{"line":1012,"column":1}},"line":1002},"50":{"name":"(anonymous_50)","decl":{"start":{"line":1006,"column":21},"end":{"line":1006,"column":22}},"loc":{"start":{"line":1006,"column":30},"end":{"line":1006,"column":76}},"line":1006},"51":{"name":"(anonymous_51)","decl":{"start":{"line":1014,"column":69},"end":{"line":1014,"column":70}},"loc":{"start":{"line":1014,"column":89},"end":{"line":1023,"column":1}},"line":1014},"52":{"name":"(anonymous_52)","decl":{"start":{"line":1025,"column":88},"end":{"line":1025,"column":89}},"loc":{"start":{"line":1025,"column":108},"end":{"line":1033,"column":1}},"line":1025},"53":{"name":"(anonymous_53)","decl":{"start":{"line":1035,"column":89},"end":{"line":1035,"column":90}},"loc":{"start":{"line":1035,"column":109},"end":{"line":1051,"column":1}},"line":1035},"54":{"name":"(anonymous_54)","decl":{"start":{"line":1053,"column":60},"end":{"line":1053,"column":61}},"loc":{"start":{"line":1053,"column":80},"end":{"line":1091,"column":1}},"line":1053},"55":{"name":"(anonymous_55)","decl":{"start":{"line":1057,"column":29},"end":{"line":1057,"column":30}},"loc":{"start":{"line":1057,"column":38},"end":{"line":1057,"column":83}},"line":1057},"56":{"name":"(anonymous_56)","decl":{"start":{"line":1061,"column":30},"end":{"line":1061,"column":31}},"loc":{"start":{"line":1061,"column":39},"end":{"line":1061,"column":85}},"line":1061},"57":{"name":"(anonymous_57)","decl":{"start":{"line":1064,"column":44},"end":{"line":1064,"column":45}},"loc":{"start":{"line":1064,"column":54},"end":{"line":1064,"column":97}},"line":1064},"58":{"name":"(anonymous_58)","decl":{"start":{"line":1065,"column":47},"end":{"line":1065,"column":48}},"loc":{"start":{"line":1065,"column":57},"end":{"line":1065,"column":120}},"line":1065},"59":{"name":"(anonymous_59)","decl":{"start":{"line":1066,"column":45},"end":{"line":1066,"column":46}},"loc":{"start":{"line":1066,"column":55},"end":{"line":1066,"column":103}},"line":1066},"60":{"name":"(anonymous_60)","decl":{"start":{"line":1067,"column":43},"end":{"line":1067,"column":44}},"loc":{"start":{"line":1067,"column":58},"end":{"line":1071,"column":5}},"line":1067},"61":{"name":"(anonymous_61)","decl":{"start":{"line":1094,"column":55},"end":{"line":1094,"column":56}},"loc":{"start":{"line":1094,"column":75},"end":{"line":1136,"column":1}},"line":1094},"62":{"name":"(anonymous_62)","decl":{"start":{"line":1138,"column":62},"end":{"line":1138,"column":63}},"loc":{"start":{"line":1138,"column":82},"end":{"line":1160,"column":1}},"line":1138},"63":{"name":"(anonymous_63)","decl":{"start":{"line":1162,"column":65},"end":{"line":1162,"column":66}},"loc":{"start":{"line":1162,"column":85},"end":{"line":1173,"column":1}},"line":1162},"64":{"name":"normalizeDescription","decl":{"start":{"line":1175,"column":9},"end":{"line":1175,"column":29}},"loc":{"start":{"line":1175,"column":36},"end":{"line":1196,"column":1}},"line":1175},"65":{"name":"(anonymous_65)","decl":{"start":{"line":1193,"column":34},"end":{"line":1193,"column":35}},"loc":{"start":{"line":1193,"column":42},"end":{"line":1193,"column":59}},"line":1193},"66":{"name":"buildPayOSSignature","decl":{"start":{"line":1198,"column":9},"end":{"line":1198,"column":28}},"loc":{"start":{"line":1198,"column":96},"end":{"line":1201,"column":1}},"line":1198},"67":{"name":"createPayOSPaymentSession","decl":{"start":{"line":1203,"column":15},"end":{"line":1203,"column":40}},"loc":{"start":{"line":1203,"column":69},"end":{"line":1349,"column":1}},"line":1203},"68":{"name":"verifyPayOSPayment","decl":{"start":{"line":1351,"column":15},"end":{"line":1351,"column":33}},"loc":{"start":{"line":1351,"column":43},"end":{"line":1386,"column":1}},"line":1351},"69":{"name":"(anonymous_69)","decl":{"start":{"line":1388,"column":82},"end":{"line":1388,"column":83}},"loc":{"start":{"line":1388,"column":102},"end":{"line":1405,"column":1}},"line":1388},"70":{"name":"(anonymous_70)","decl":{"start":{"line":1407,"column":81},"end":{"line":1407,"column":82}},"loc":{"start":{"line":1407,"column":101},"end":{"line":1450,"column":1}},"line":1407},"71":{"name":"(anonymous_71)","decl":{"start":{"line":1452,"column":62},"end":{"line":1452,"column":63}},"loc":{"start":{"line":1452,"column":82},"end":{"line":1494,"column":1}},"line":1452},"72":{"name":"(anonymous_72)","decl":{"start":{"line":1496,"column":19},"end":{"line":1496,"column":20}},"loc":{"start":{"line":1496,"column":33},"end":{"line":1498,"column":1}},"line":1496},"73":{"name":"verifyToken","decl":{"start":{"line":1508,"column":15},"end":{"line":1508,"column":26}},"loc":{"start":{"line":1508,"column":43},"end":{"line":1523,"column":1}},"line":1508},"74":{"name":"(anonymous_74)","decl":{"start":{"line":1533,"column":57},"end":{"line":1533,"column":58}},"loc":{"start":{"line":1533,"column":77},"end":{"line":1545,"column":1}},"line":1533},"75":{"name":"(anonymous_75)","decl":{"start":{"line":1551,"column":56},"end":{"line":1551,"column":57}},"loc":{"start":{"line":1551,"column":76},"end":{"line":1559,"column":1}},"line":1551},"76":{"name":"(anonymous_76)","decl":{"start":{"line":1569,"column":43},"end":{"line":1569,"column":44}},"loc":{"start":{"line":1569,"column":63},"end":{"line":1577,"column":1}},"line":1569},"77":{"name":"(anonymous_77)","decl":{"start":{"line":1583,"column":53},"end":{"line":1583,"column":54}},"loc":{"start":{"line":1583,"column":73},"end":{"line":1593,"column":1}},"line":1583},"78":{"name":"(anonymous_78)","decl":{"start":{"line":1599,"column":53},"end":{"line":1599,"column":54}},"loc":{"start":{"line":1599,"column":73},"end":{"line":1607,"column":1}},"line":1599},"79":{"name":"(anonymous_79)","decl":{"start":{"line":1613,"column":52},"end":{"line":1613,"column":53}},"loc":{"start":{"line":1613,"column":72},"end":{"line":1621,"column":1}},"line":1613},"80":{"name":"(anonymous_80)","decl":{"start":{"line":1627,"column":53},"end":{"line":1627,"column":54}},"loc":{"start":{"line":1627,"column":73},"end":{"line":1636,"column":1}},"line":1627},"81":{"name":"(anonymous_81)","decl":{"start":{"line":1643,"column":62},"end":{"line":1643,"column":63}},"loc":{"start":{"line":1643,"column":82},"end":{"line":1652,"column":1}},"line":1643},"82":{"name":"(anonymous_82)","decl":{"start":{"line":1658,"column":63},"end":{"line":1658,"column":64}},"loc":{"start":{"line":1658,"column":83},"end":{"line":1666,"column":1}},"line":1658},"83":{"name":"(anonymous_83)","decl":{"start":{"line":1672,"column":66},"end":{"line":1672,"column":67}},"loc":{"start":{"line":1672,"column":86},"end":{"line":1680,"column":1}},"line":1672},"84":{"name":"(anonymous_84)","decl":{"start":{"line":1686,"column":69},"end":{"line":1686,"column":70}},"loc":{"start":{"line":1686,"column":89},"end":{"line":1694,"column":1}},"line":1686},"85":{"name":"(anonymous_85)","decl":{"start":{"line":1698,"column":19},"end":{"line":1698,"column":20}},"loc":{"start":{"line":1698,"column":25},"end":{"line":1703,"column":3}},"line":1698}},"branchMap":{"0":{"loc":{"start":{"line":18,"column":13},"end":{"line":18,"column":37}},"type":"binary-expr","locations":[{"start":{"line":18,"column":13},"end":{"line":18,"column":29}},{"start":{"line":18,"column":33},"end":{"line":18,"column":37}}],"line":18},"1":{"loc":{"start":{"line":20,"column":24},"end":{"line":20,"column":57}},"type":"binary-expr","locations":[{"start":{"line":20,"column":24},"end":{"line":20,"column":51}},{"start":{"line":20,"column":55},"end":{"line":20,"column":57}}],"line":20},"2":{"loc":{"start":{"line":21,"column":22},"end":{"line":21,"column":53}},"type":"binary-expr","locations":[{"start":{"line":21,"column":22},"end":{"line":21,"column":47}},{"start":{"line":21,"column":51},"end":{"line":21,"column":53}}],"line":21},"3":{"loc":{"start":{"line":22,"column":27},"end":{"line":22,"column":63}},"type":"binary-expr","locations":[{"start":{"line":22,"column":27},"end":{"line":22,"column":57}},{"start":{"line":22,"column":61},"end":{"line":22,"column":63}}],"line":22},"4":{"loc":{"start":{"line":23,"column":27},"end":{"line":25,"column":35}},"type":"cond-expr","locations":[{"start":{"line":24,"column":4},"end":{"line":24,"column":34}},{"start":{"line":25,"column":4},"end":{"line":25,"column":35}}],"line":23},"5":{"loc":{"start":{"line":23,"column":28},"end":{"line":23,"column":117}},"type":"binary-expr","locations":[{"start":{"line":23,"column":28},"end":{"line":23,"column":58}},{"start":{"line":23,"column":62},"end":{"line":23,"column":117}}],"line":23},"6":{"loc":{"start":{"line":45,"column":14},"end":{"line":45,"column":34}},"type":"binary-expr","locations":[{"start":{"line":45,"column":14},"end":{"line":45,"column":22}},{"start":{"line":45,"column":31},"end":{"line":45,"column":34}}],"line":45},"7":{"loc":{"start":{"line":46,"column":14},"end":{"line":46,"column":77}},"type":"binary-expr","locations":[{"start":{"line":46,"column":14},"end":{"line":46,"column":27}},{"start":{"line":46,"column":31},"end":{"line":46,"column":48}},{"start":{"line":46,"column":54},"end":{"line":46,"column":71}},{"start":{"line":46,"column":75},"end":{"line":46,"column":77}}],"line":46},"8":{"loc":{"start":{"line":47,"column":14},"end":{"line":47,"column":78}},"type":"binary-expr","locations":[{"start":{"line":47,"column":14},"end":{"line":47,"column":24}},{"start":{"line":47,"column":31},"end":{"line":47,"column":45}},{"start":{"line":47,"column":55},"end":{"line":47,"column":68}},{"start":{"line":47,"column":76},"end":{"line":47,"column":78}}],"line":47},"9":{"loc":{"start":{"line":48,"column":14},"end":{"line":48,"column":78}},"type":"binary-expr","locations":[{"start":{"line":48,"column":14},"end":{"line":48,"column":24}},{"start":{"line":48,"column":31},"end":{"line":48,"column":49}},{"start":{"line":48,"column":55},"end":{"line":48,"column":73}},{"start":{"line":48,"column":76},"end":{"line":48,"column":78}}],"line":48},"10":{"loc":{"start":{"line":49,"column":14},"end":{"line":49,"column":78}},"type":"binary-expr","locations":[{"start":{"line":49,"column":14},"end":{"line":49,"column":26}},{"start":{"line":49,"column":31},"end":{"line":49,"column":46}},{"start":{"line":49,"column":55},"end":{"line":49,"column":70}},{"start":{"line":49,"column":76},"end":{"line":49,"column":78}}],"line":49},"11":{"loc":{"start":{"line":50,"column":14},"end":{"line":50,"column":78}},"type":"binary-expr","locations":[{"start":{"line":50,"column":14},"end":{"line":50,"column":23}},{"start":{"line":50,"column":31},"end":{"line":50,"column":46}},{"start":{"line":50,"column":55},"end":{"line":50,"column":70}},{"start":{"line":50,"column":76},"end":{"line":50,"column":78}}],"line":50},"12":{"loc":{"start":{"line":51,"column":28},"end":{"line":51,"column":75}},"type":"binary-expr","locations":[{"start":{"line":51,"column":28},"end":{"line":51,"column":37}},{"start":{"line":51,"column":41},"end":{"line":51,"column":56}},{"start":{"line":51,"column":60},"end":{"line":51,"column":75}}],"line":51},"13":{"loc":{"start":{"line":52,"column":19},"end":{"line":52,"column":45}},"type":"binary-expr","locations":[{"start":{"line":52,"column":19},"end":{"line":52,"column":37}},{"start":{"line":52,"column":41},"end":{"line":52,"column":45}}],"line":52},"14":{"loc":{"start":{"line":66,"column":2},"end":{"line":68,"column":3}},"type":"if","locations":[{"start":{"line":66,"column":2},"end":{"line":68,"column":3}},{"start":{},"end":{}}],"line":66},"15":{"loc":{"start":{"line":66,"column":6},"end":{"line":66,"column":38}},"type":"binary-expr","locations":[{"start":{"line":66,"column":6},"end":{"line":66,"column":12}},{"start":{"line":66,"column":16},"end":{"line":66,"column":25}},{"start":{"line":66,"column":29},"end":{"line":66,"column":38}}],"line":66},"16":{"loc":{"start":{"line":83,"column":4},"end":{"line":97,"column":5}},"type":"if","locations":[{"start":{"line":83,"column":4},"end":{"line":97,"column":5}},{"start":{},"end":{}}],"line":83},"17":{"loc":{"start":{"line":84,"column":23},"end":{"line":84,"column":70}},"type":"binary-expr","locations":[{"start":{"line":84,"column":23},"end":{"line":84,"column":48}},{"start":{"line":84,"column":52},"end":{"line":84,"column":70}}],"line":84},"18":{"loc":{"start":{"line":87,"column":6},"end":{"line":89,"column":7}},"type":"if","locations":[{"start":{"line":87,"column":6},"end":{"line":89,"column":7}},{"start":{},"end":{}}],"line":87},"19":{"loc":{"start":{"line":90,"column":6},"end":{"line":92,"column":7}},"type":"if","locations":[{"start":{"line":90,"column":6},"end":{"line":92,"column":7}},{"start":{},"end":{}}],"line":90},"20":{"loc":{"start":{"line":93,"column":6},"end":{"line":95,"column":7}},"type":"if","locations":[{"start":{"line":93,"column":6},"end":{"line":95,"column":7}},{"start":{},"end":{}}],"line":93},"21":{"loc":{"start":{"line":111,"column":4},"end":{"line":114,"column":5}},"type":"if","locations":[{"start":{"line":111,"column":4},"end":{"line":114,"column":5}},{"start":{},"end":{}}],"line":111},"22":{"loc":{"start":{"line":121,"column":13},"end":{"line":121,"column":24}},"type":"binary-expr","locations":[{"start":{"line":121,"column":13},"end":{"line":121,"column":18}},{"start":{"line":121,"column":22},"end":{"line":121,"column":24}}],"line":121},"23":{"loc":{"start":{"line":122,"column":15},"end":{"line":122,"column":28}},"type":"binary-expr","locations":[{"start":{"line":122,"column":15},"end":{"line":122,"column":22}},{"start":{"line":122,"column":26},"end":{"line":122,"column":28}}],"line":122},"24":{"loc":{"start":{"line":149,"column":2},"end":{"line":151,"column":3}},"type":"if","locations":[{"start":{"line":149,"column":2},"end":{"line":151,"column":3}},{"start":{},"end":{}}],"line":149},"25":{"loc":{"start":{"line":149,"column":6},"end":{"line":149,"column":25}},"type":"binary-expr","locations":[{"start":{"line":149,"column":6},"end":{"line":149,"column":12}},{"start":{"line":149,"column":16},"end":{"line":149,"column":25}}],"line":149},"26":{"loc":{"start":{"line":166,"column":4},"end":{"line":177,"column":5}},"type":"if","locations":[{"start":{"line":166,"column":4},"end":{"line":177,"column":5}},{"start":{},"end":{}}],"line":166},"27":{"loc":{"start":{"line":167,"column":23},"end":{"line":167,"column":72}},"type":"binary-expr","locations":[{"start":{"line":167,"column":23},"end":{"line":167,"column":48}},{"start":{"line":167,"column":52},"end":{"line":167,"column":72}}],"line":167},"28":{"loc":{"start":{"line":170,"column":6},"end":{"line":172,"column":7}},"type":"if","locations":[{"start":{"line":170,"column":6},"end":{"line":172,"column":7}},{"start":{},"end":{}}],"line":170},"29":{"loc":{"start":{"line":170,"column":10},"end":{"line":170,"column":119}},"type":"binary-expr","locations":[{"start":{"line":170,"column":10},"end":{"line":170,"column":50}},{"start":{"line":170,"column":54},"end":{"line":170,"column":84}},{"start":{"line":170,"column":88},"end":{"line":170,"column":119}}],"line":170},"30":{"loc":{"start":{"line":173,"column":6},"end":{"line":175,"column":7}},"type":"if","locations":[{"start":{"line":173,"column":6},"end":{"line":175,"column":7}},{"start":{},"end":{}}],"line":173},"31":{"loc":{"start":{"line":185,"column":4},"end":{"line":190,"column":5}},"type":"if","locations":[{"start":{"line":185,"column":4},"end":{"line":190,"column":5}},{"start":{},"end":{}}],"line":185},"32":{"loc":{"start":{"line":197,"column":4},"end":{"line":215,"column":5}},"type":"if","locations":[{"start":{"line":197,"column":4},"end":{"line":215,"column":5}},{"start":{"line":205,"column":11},"end":{"line":215,"column":5}}],"line":197},"33":{"loc":{"start":{"line":20
[...]
"51":{"start":{"line":138,"column":2},"end":{"line":142,"column":5}},"52":{"start":{"line":144,"column":20},"end":{"line":144,"column":38}},"53":{"start":{"line":145,"column":2},"end":{"line":148,"column":4}},"54":{"start":{"line":151,"column":0},"end":{"line":157,"column":2}}},"fnMap":{"0":{"name":"normalizeStatus","decl":{"start":{"line":10,"column":9},"end":{"line":10,"column":24}},"loc":{"start":{"line":10,"column":33},"end":{"line":12,"column":1}},"line":10},"1":{"name":"toIsoString","decl":{"start":{"line":14,"column":9},"end":{"line":14,"column":20}},"loc":{"start":{"line":14,"column":28},"end":{"line":19,"column":1}},"line":14},"2":{"name":"mapReport","decl":{"start":{"line":21,"column":9},"end":{"line":21,"column":18}},"loc":{"start":{"line":21,"column":24},"end":{"line":46,"column":1}},"line":21},"3":{"name":"listReports","decl":{"start":{"line":48,"column":15},"end":{"line":48,"column":26}},"loc":{"start":{"line":48,"column":41},"end":{"line":57,"column":1}},"line":48},"4":{"name":"(anonymous_4)","decl":{"start":{"line":53,"column":29},"end":{"line":53,"column":30}},"loc":{"start":{"line":53,"column":36},"end":{"line":53,"column":72}},"line":53},"5":{"name":"(anonymous_5)","decl":{"start":{"line":55,"column":15},"end":{"line":55,"column":16}},"loc":{"start":{"line":55,"column":25},"end":{"line":55,"column":80}},"line":55},"6":{"name":"getReportComments","decl":{"start":{"line":59,"column":15},"end":{"line":59,"column":32}},"loc":{"start":{"line":59,"column":43},"end":{"line":82,"column":1}},"line":59},"7":{"name":"(anonymous_7)","decl":{"start":{"line":65,"column":33},"end":{"line":65,"column":34}},"loc":{"start":{"line":65,"column":42},"end":{"line":78,"column":3}},"line":65},"8":{"name":"(anonymous_8)","decl":{"start":{"line":80,"column":16},"end":{"line":80,"column":17}},"loc":{"start":{"line":80,"column":26},"end":{"line":80,"column":81}},"line":80},"9":{"name":"notifyCitizenReportClosed","decl":{"start":{"line":84,"column":15},"end":{"line":84,"column":40}},"loc":{"start":{"line":84,"column":72},"end":{"line":97,"column":1}},"line":84},"10":{"name":"approveReport","decl":{"start":{"line":99,"column":15},"end":{"line":99,"column":28}},"loc":{"start":{"line":99,"column":77},"end":{"line":149,"column":1}},"line":99}},"branchMap":{"0":{"loc":{"start":{"line":11,"column":10},"end":{"line":11,"column":30}},"type":"binary-expr","locations":[{"start":{"line":11,"column":10},"end":{"line":11,"column":16}},{"start":{"line":11,"column":20},"end":{"line":11,"column":30}}],"line":11},"1":{"loc":{"start":{"line":15,"column":2},"end":{"line":15,"column":26}},"type":"if","locations":[{"start":{"line":15,"column":2},"end":{"line":15,"column":26}},{"start":{},"end":{}}],"line":15},"2":{"loc":{"start":{"line":16,"column":2},"end":{"line":16,"column":57}},"type":"if","locations":[{"start":{"line":16,"column":2},"end":{"line":16,"column":57}},{"start":{},"end":{}}],"line":16},"3":{"loc":{"start":{"line":18,"column":9},"end":{"line":18,"column":59}},"type":"cond-expr","locations":[{"start":{"line":18,"column":37},"end":{"line":18,"column":41}},{"start":{"line":18,"column":44},"end":{"line":18,"column":59}}],"line":18},"4":{"loc":{"start":{"line":25,"column":14},"end":{"line":25,"column":37}},"type":"binary-expr","locations":[{"start":{"line":25,"column":14},"end":{"line":25,"column":27}},{"start":{"line":25,"column":31},"end":{"line":25,"column":37}}],"line":25},"5":{"loc":{"start":{"line":27,"column":11},"end":{"line":27,"column":27}},"type":"binary-expr","locations":[{"start":{"line":27,"column":11},"end":{"line":27,"column":21}},{"start":{"line":27,"column":25},"end":{"line":27,"column":27}}],"line":27},"6":{"loc":{"start":{"line":28,"column":17},"end":{"line":28,"column":39}},"type":"binary-expr","locations":[{"start":{"line":28,"column":17},"end":{"line":28,"column":33}},{"start":{"line":28,"column":37},"end":{"line":28,"column":39}}],"line":28},"7":{"loc":{"start":{"line":29,"column":14},"end":{"line":29,"column":33}},"type":"binary-expr","locations":[{"start":{"line":29,"column":14},"end":{"line":29,"column":27}},{"start":{"line":29,"column":31},"end":{"line":29,"column":33}}],"line":29},"8":{"loc":{"start":{"line":30,"column":14},"end":{"line":30,"column":39}},"type":"binary-expr","locations":[{"start":{"line":30,"column":14},"end":{"line":30,"column":27}},{"start":{"line":30,"column":31},"end":{"line":30,"column":39}}],"line":30},"9":{"loc":{"start":{"line":31,"column":15},"end":{"line":31,"column":35}},"type":"binary-expr","locations":[{"start":{"line":31,"column":15},"end":{"line":31,"column":29}},{"start":{"line":31,"column":33},"end":{"line":31,"column":35}}],"line":31},"10":{"loc":{"start":{"line":32,"column":25},"end":{"line":32,"column":55}},"type":"binary-expr","locations":[{"start":{"line":32,"column":25},"end":{"line":32,"column":49}},{"start":{"line":32,"column":53},"end":{"line":32,"column":55}}],"line":32},"11":{"loc":{"start":{"line":33,"column":14},"end":{"line":33,"column":35}},"type":"binary-expr","locations":[{"start":{"line":33,"column":14},"end":{"line":33,"column":27}},{"start":{"line":33,"column":31},"end":{"line":33,"column":35}}],"line":33},"12":{"loc":{"start":{"line":34,"column":10},"end":{"line":34,"column":25}},"type":"binary-expr","locations":[{"start":{"line":34,"column":10},"end":{"line":34,"column":19}},{"start":{"line":34,"column":23},"end":{"line":34,"column":25}}],"line":34},"13":{"loc":{"start":{"line":35,"column":14},"end":{"line":35,"column":33}},"type":"binary-expr","locations":[{"start":{"line":35,"column":14},"end":{"line":35,"column":27}},{"start":{"line":35,"column":31},"end":{"line":35,"column":33}}],"line":35},"14":{"loc":{"start":{"line":36,"column":10},"end":{"line":36,"column":25}},"type":"binary-expr","locations":[{"start":{"line":36,"column":10},"end":{"line":36,"column":19}},{"start":{"line":36,"column":23},"end":{"line":36,"column":25}}],"line":36},"15":{"loc":{"start":{"line":37,"column":18},"end":{"line":37,"column":41}},"type":"binary-expr","locations":[{"start":{"line":37,"column":18},"end":{"line":37,"column":35}},{"start":{"line":37,"column":39},"end":{"line":37,"column":41}}],"line":37},"16":{"loc":{"start":{"line":51,"column":2},"end":{"line":54,"column":3}},"type":"if","locations":[{"start":{"line":51,"column":2},"end":{"line":54,"column":3}},{"start":{},"end":{}}],"line":51},"17":{"loc":{"start":{"line":55,"column":34},"end":{"line":55,"column":50}},"type":"binary-expr","locations":[{"start":{"line":55,"column":34},"end":{"line":55,"column":45}},{"start":{"line":55,"column":49},"end":{"line":55,"column":50}}],"line":55},"18":{"loc":{"start":{"line":55,"column":63},"end":{"line":55,"column":79}},"type":"binary-expr","locations":[{"start":{"line":55,"column":63},"end":{"line":55,"column":74}},{"start":{"line":55,"column":78},"end":{"line":55,"column":79}}],"line":55},"19":{"loc":{"start":{"line":69,"column":17},"end":{"line":69,"column":41}},"type":"binary-expr","locations":[{"start":{"line":69,"column":17},"end":{"line":69,"column":31}},{"start":{"line":69,"column":35},"end":{"line":69,"column":41}}],"line":69},"20":{"loc":{"start":{"line":73,"column":15},"end":{"line":73,"column":33}},"type":"binary-expr","locations":[{"start":{"line":73,"column":15},"end":{"line":73,"column":27}},{"start":{"line":73,"column":31},"end":{"line":73,"column":33}}],"line":73},"21":{"loc":{"start":{"line":74,"column":17},"end":{"line":74,"column":37}},"type":"binary-expr","locations":[{"start":{"line":74,"column":17},"end":{"line":74,"column":31}},{"start":{"line":74,"column":35},"end":{"line":74,"column":37}}],"line":74},"22":{"loc":{"start":{"line":75,"column":14},"end":{"line":75,"column":31}},"type":"binary-expr","locations":[{"start":{"line":75,"column":14},"end":{"line":75,"column":25}},{"start":{"line":75,"column":29},"end":{"line":75,"column":31}}],"line":75},"23":{"loc":{"start":{"line":80,"column":35},"end":{"line":80,"column":51}},"type":"binary-expr","locations":[{"start":{"line":80,"column":35},"end":{"line":80,"column":46}},{"start":{"line":80,"column":50},"end":{"line":80,"column":51}}],"line":80},"24":{"loc":{"start":{"line":80,"column":64},"end":{"line":80,"column":80}},"type":"binary-expr","locations":[{"start":{"line":80,"column":64},"end":{"line":80,"column":75}},{"start":{"line":80,"column":79},"end":{"line":80,"column":80}}],"line":80},"25":{"loc":{"start":{"line":85,"column":2},"end":{"line":85,"column":25}},"type":"if","locations":[{"start":{"line":85,"column":2},"end":{"line":85,"column":25}},{"start":{},"end":{}}],"line":85},"26":{"loc":{"start":{"line":88,"column":11},"end":{"line":88,"column":43}},"type":"binary-expr","locations":[{"start":{"line":88,"column":11},"end":{"line":88,"column":16}},{"start":{"line":88,"column":20},"end":{"line":88,"column":43}}],"line":88},"27":{"loc":{"start":{"line":99,"column":63},"end":{"line":99,"column":75}},"type":"default-arg","locations":[{"start":{"line":99,"column":73},"end":{"line":99,"column":75}}],"line":99},"28":{"loc":{"start":{"line":103,"column":2},"end":{"line":107,"column":3}},"type":"if","locations":[{"start":{"line":103,"column":2},"end":{"line":107,"column":3}},{"start":{},"end":{}}],"line":103},"29":{"loc":{"start":{"line":111,"column":2},"end":{"line":115,"column":3}},"type":"if","locations":[{"start":{"line":111,"column":2},"end":{"line":115,"column":3}},{"start":{},"end":{}}],"line":111},"30":{"loc":{"start":{"line":118,"column":25},"end":{"line":118,"column":92}},"type":"binary-expr","locations":[{"start":{"line":118,"column":25},"end":{"line":118,"column":55}},{"start":{"line":118,"column":59},"end":{"line":118,"column":92}}],"line":118},"31":{"loc":{"start":{"line":118,"column":26},"end":{"line":118,"column":47}},"type":"binary-expr","locations":[{"start":{"line":118,"column":26},"end":{"line":118,"column":41}},{"start":{"line":118,"column":45},"end":{"line":118,"column":47}}],"line":118}},"s":{"0":2,"1":2,"2":2,"3":2,"4":2,"5":2,"6":10,"7":22,"8":16,"9":6,"10":0,"11":6,"12":6,"13":5,"14":5,"15":2,"16":2,"17":2,"18":1,"19":1,"20":2,"21":2,"22":1,"23":2,"24":1,"25":1,"26":2,"27":2,"28":1,"29":1,"30":1,"31":1,"32":0,"33":1,"34":3,"35":3,"36":3,"37":1,"38":1,"39":1,"40":2,"41":2,"42":2,"43":1,"44":1,"45":1,"46":1,"47":1,"48":1,"49":1,"50":1,"51":1,"52":1,"53":1,"54":2},"f":{"0":10,"1":22,"2":5,"3":2,"4":2,"5":1,"6":1,"7":2,"8":1,"9":1,"10":3},"b":{"0":[10,0],"1":[16,6],"2":[0,6],"3":[0,6],"4":[5,5],"5":[5,5],"6":[5,5],"7":[5,5],"8":[5,5],"9":[5,5],"10":[5,5],"11":[5,5],"12":[5,5],"13":[5,5],"14":[5,5],"15":[5,5],"16":[1,1],"17":[1,0],"18":[1,0],"19":[2,2],"20":[2,2],"21":[2,2],"22":[2,2],"23":[1,0],"24":[1,0],"25":[0,1],"26":[1,0],"27":[2],"28":[1,2],"29":[1,1],"30":[1,0],"31":[1,0]},"_coverageSchema":"1a1c01bbd47fc00a2c39e90264f33305004495a9","hash":"da3363af0b4cf9fd6426d15382e76af246f0ae25"}
,"D:\\SU26\\SWP391\\swp391-su26-ai-audit-project-swp391_se20a04_group-04\\.src\\backend\\services\\scheduleService.js": {"path":"D:\\SU26\\SWP391\\swp391-su26-ai-audit-project-swp391_se20a04_group-04\\.src\\backend\\services\\scheduleService.js","statementMap":{"0":{"start":{"line":5,"column":15},"end":{"line":5,"column":42}},"1":{"start":{"line":12,"column":2},"end":{"line":12,"column":22}},"2":{"start":{"line":12,"column":12},"end":{"line":12,"column":22}},"3":{"start":{"line":13,"column":2},"end":{"line":20,"column":12}},"4":{"start":{"line":28,"column":17},"end":{"line":28,"column":41}},"5":{"start":{"line":29,"column":16},"end":{"line":29,"column":39}},"6":{"start":{"line":30,"column":2},"end":{"line":30,"column":78}},"7":{"start":{"line":42,"column":2},"end":{"line":44,"column":3}},"8":{"start":{"line":43,"column":4},"end":{"line":43,"column":66}},"9":{"start":{"line":46,"column":23},"end":{"line":46,"column":50}},"10":{"start":{"line":48,"column":2},"end":{"line":108,"column":3}},"11":{"start":{"line":49,"column":4},"end":{"line":49,"column":125}},"12":{"start":{"line":54,"column":25},"end":{"line":54,"column":62}},"13":{"start":{"line":55,"column":21},"end":{"line":55,"column":45}},"14":{"start":{"line":57,"column":4},"end":{"line":60,"column":5}},"15":{"start":{"line":58,"column":6},"end":{"line":58,"column":94}},"16":{"start":{"line":59,"column":6},"end":{"line":59,"column":16}},"17":{"start":{"line":62,"column":20},"end":{"line":62,"column":22}},"18":{"start":{"line":63,"column":4},"end":{"line":65,"column":7}},"19":{"start":{"line":64,"column":6},"end":{"line":64,"column":52}},"20":{"start":{"line":67,"column":4},"end":{"line":67,"column":80}},"21":{"start":{"line":70,"column":4},"end":{"line":70,"column":67}},"22":{"start":{"line":70,"column":38},"end":{"line":70,"column":65}},"23":{"start":{"line":71,"column":4},"end":{"line":71,"column":95}},"24":{"start":{"line":74,"column":4},"end":{"line":74,"column":67}},"25":{"start":{"line":74,"column":38},"end":{"line":74,"column":65}},"26":{"start":{"line":75,"column":4},"end":{"line":75,"column":95}},"27":{"start":{"line":79,"column":4},"end":{"line":92,"column":5}},"28":{"start":{"line":80,"column":24},"end":{"line":80,"column":50}},"29":{"start":{"line":81,"column":6},"end":{"line":88,"column":9}},"30":{"start":{"line":83,"column":8},"end":{"line":83,"column":84}},"31":{"start":{"line":83,"column":72},"end":{"line":83,"column":84}},"32":{"start":{"line":84,"column":23},"end":{"line":84,"column":62}},"33":{"start":{"line":85,"column":21},"end":{"line":85,"column":44}},"34":{"start":{"line":87,"column":8},"end":{"line":87,"column":62}},"35":{"start":{"line":89,"column":6},"end":{"line":89,"column":113}},"36":{"start":{"line":91,"column":6},"end":{"line":91,"column":123}},"37":{"start":{"line":95,"column":4},"end":{"line":99,"column":7}},"38":{"start":{"line":96,"column":20},"end":{"line":96,"column":92}},"39":{"start":{"line":97,"column":20},"end":{"line":97,"column":92}},"40":{"start":{"line":98,"column":6},"end":{"line":98,"column":27}},"41":{"start":{"line":101,"column":4},"end":{"line":101,"column":70}},"42":{"start":{"line":102,"column":4},"end":{"line":102,"column":21}},"43":{"start":{"line":104,"column":4},"end":{"line":104,"column":77}},"44":{"start":{"line":106,"column":20},"end":{"line":106,"column":74}},"45":{"start":{"line":107,"column":4},"end":{"line":107,"column":79}},"46":{"start":{"line":111,"column":0},"end":{"line":113,"column":2}}},"fnMap":{"0":{"name":"normalizeStr","decl":{"start":{"line":11,"column":9},"end":{"line":11,"column":21}},"loc":{"start":{"line":11,"column":27},"end":{"line":21,"column":1}},"line":11},"1":{"name":"locationMatch","decl":{"start":{"line":27,"column":9},"end":{"line":27,"column":22}},"loc":{"start":{"line":27,"column":46},"end":{"line":31,"column":1}},"line":27},"2":{"name":"getSchedules","decl":{"start":{"line":41,"column":15},"end":{"line":41,"column":27}},"loc":{"start":{"line":41,"column":58},"end":{"line":109,"column":1}},"line":41},"3":{"name":"(anonymous_3)","decl":{"start":{"line":63,"column":21},"end":{"line":63,"column":22}},"loc":{"start":{"line":63,"column":28},"end":{"line":65,"column":5}},"line":63},"4":{"name":"(anonymous_4)","decl":{"start":{"line":70,"column":33},"end":{"line":70,"column":34}},"loc":{"start":{"line":70,"column":38},"end":{"line":70,"column":65}},"line":70},"5":{"name":"(anonymous_5)","decl":{"start":{"line":74,"column":33},"end":{"line":74,"column":34}},"loc":{"start":{"line":74,"column":38},"end":{"line":74,"column":65}},"line":74},"6":{"name":"(anonymous_6)","decl":{"start":{"line":81,"column":35},"end":{"line":81,"column":36}},"loc":{"start":{"line":81,"column":40},"end":{"line":88,"column":7}},"line":81},"7":{"name":"(anonymous_7)","decl":{"start":{"line":95,"column":19},"end":{"line":95,"column":20}},"loc":{"start":{"line":95,"column":29},"end":{"line":99,"column":5}},"line":95}},"branchMap":{"0":{"loc":{"start":{"line":12,"column":2},"end":{"line":12,"column":22}},"type":"if","locations":[{"start":{"line":12,"column":2},"end":{"line":12,"column":22}},{"start":{},"end":{}}],"line":12},"1":{"loc":{"start":{"line":30,"column":9},"end":{"line":30,"column":77}},"type":"binary-expr","locations":[{"start":{"line":30,"column":9},"end":{"line":30,"column":25}},{"start":{"line":30,"column":29},"end":{"line":30,"column":51}},{"start":{"line":30,"column":55},"end":{"line":30,"column":77}}],"line":30},"2":{"loc":{"start":{"line":42,"column":2},"end":{"line":44,"column":3}},"type":"if","locations":[{"start":{"line":42,"column":2},"end":{"line":44,"column":3}},{"start":{},"end":{}}],"line":42},"3":{"loc":{"start":{"line":42,"column":6},"end":{"line":42,"column":20}},"type":"binary-expr","locations":[{"start":{"line":42,"column":6},"end":{"line":42,"column":11}},{"start":{"line":42,"column":15},"end":{"line":42,"column":20}}],"line":42},"4":{"loc":{"start":{"line":46,"column":24},"end":{"line":46,"column":42}},"type":"binary-expr","locations":[{"start":{"line":46,"column":24},"end":{"line":46,"column":36}},{"start":{"line":46,"column":40},"end":{"line":46,"column":42}}],"line":46},"5":{"loc":{"start":{"line":49,"column":94},"end":{"line":49,"column":120}},"type":"binary-expr","locations":[{"start":{"line":49,"column":94},"end":{"line":49,"column":106}},{"start":{"line":49,"column":110},"end":{"line":49,"column":120}}],"line":49},"6":{"loc":{"start":{"line":57,"column":4},"end":{"line":60,"column":5}},"type":"if","locations":[{"start":{"line":57,"column":4},"end":{"line":60,"column":5}},{"start":{},"end":{}}],"line":57},"7":{"loc":{"start":{"line":79,"column":4},"end":{"line":92,"column":5}},"type":"if","locations":[{"start":{"line":79,"column":4},"end":{"line":92,"column":5}},{"start":{"line":90,"column":11},"end":{"line":92,"column":5}}],"line":79},"8":{"loc":{"start":{"line":83,"column":8},"end":{"line":83,"column":84}},"type":"if","locations":[{"start":{"line":83,"column":8},"end":{"line":83,"column":84}},{"start":{},"end":{}}],"line":83},"9":{"loc":{"start":{"line":83,"column":12},"end":{"line":83,"column":70}},"type":"binary-expr","locations":[{"start":{"line":83,"column":12},"end":{"line":83,"column":27}},{"start":{"line":83,"column":31},"end":{"line":83,"column":70}}],"line":83},"10":{"loc":{"start":{"line":87,"column":15},"end":{"line":87,"column":61}},"type":"binary-expr","locations":[{"start":{"line":87,"column":15},"end":{"line":87,"column":36}},{"start":{"line":87,"column":40},"end":{"line":87,"column":61}}],"line":87},"11":{"loc":{"start":{"line":96,"column":20},"end":{"line":96,"column":92}},"type":"cond-expr","locations":[{"start":{"line":96,"column":38},"end":{"line":96,"column":63}},{"start":{"line":96,"column":66},"end":{"line":96,"column":92}}],"line":96},"12":{"loc":{"start":{"line":97,"column":20},"end":{"line":97,"column":92}},"type":"cond-expr","locations":[{"start":{"line":97,"column":38},"end":{"line":97,"column":63}},{"start":{"line":97,"column":66},"end":{"line":97,"column":92}}],"line":97},"13":{"loc":{"start":{"line":106,"column":20},"end":{"line":106,"column":74}},"type":"cond-expr","locations":[{"start":{"line":106,"column":45},"end":{"line":106,"column":58}},{"start":{"line":106,"column":61},"end":{"line":106,"column":74}}],"line":106},"14":{"loc":{"start":{"line":106,"column":20},"end":{"line":106,"column":42}},"type":"binary-expr","locations":[{"start":{"line":106,"column":20},"end":{"line":106,"column":25}},{"start":{"line":106,"column":29},"end":{"line":106,"column":42}}],"line":106}},"s":{"0":2,"1":30,"2":0,"3":30,"4":13,"5":13,"6":13,"7":8,"8":1,"9":7,"10":7,"11":7,"12":7,"13":7,"14":6,"15":1,"16":1,"17":5,"18":5,"19":7,"20":5,"21":5,"22":7,"23":5,"24":5,"25":6,"26":5,"27":5,"28":1,"29":1,"30":2,"31":0,"32":2,"33":2,"34":2,"35":1,"36":4,"37":5,"38":1,"39":1,"40":1,"41":5,"42":5,"43":1,"44":1,"45":1,"46":2},"f":{"0":30,"1":13,"2":8,"3":7,"4":7,"5":6,"6":2,"7":1},"b":{"0":[0,30],"1":[13,6,1],"2":[1,7],"3":[8,8],"4":[7,6],"5":[7,6],"6":[1,5],"7":[1,4],"8":[0,2],"9":[2,2],"10":[2,1],"11":[1,0],"12":[0,1],"13":[1,0],"14":[1,1]},"_coverageSchema":"1a1c01bbd47fc00a2c39e90264f33305004495a9","hash":"5a450cf70b4bf74035e06a2c1990f578de7f81e3"}
}
