TN:
SF:server.js
FN:43,normalizeUser
FN:60,(anonymous_1)
FN:146,(anonymous_2)
FN:232,(anonymous_3)
FN:288,(anonymous_4)
FN:301,(anonymous_5)
FN:318,(anonymous_6)
FN:335,ensureManager
FN:359,ensureCollector
FN:380,ensureResident
FN:404,ensureAdmin
FN:429,(anonymous_11)
FN:433,(anonymous_12)
FN:449,(anonymous_13)
FN:483,(anonymous_14)
FN:511,(anonymous_15)
FN:523,(anonymous_16)
FN:529,(anonymous_17)
FN:533,(anonymous_18)
FN:536,(anonymous_19)
FN:540,(anonymous_20)
FN:553,(anonymous_21)
FN:565,(anonymous_22)
FN:567,(anonymous_23)
FN:576,(anonymous_24)
FN:589,(anonymous_25)
FN:593,(anonymous_26)
FN:595,(anonymous_27)
FN:598,(anonymous_28)
FN:602,(anonymous_29)
FN:611,(anonymous_30)
FN:628,(anonymous_31)
FN:632,(anonymous_32)
FN:642,(anonymous_33)
FN:646,(anonymous_34)
FN:654,(anonymous_35)
FN:710,(anonymous_36)
FN:743,(anonymous_37)
FN:769,(anonymous_38)
FN:784,(anonymous_39)
FN:799,(anonymous_40)
FN:811,(anonymous_41)
FN:838,(anonymous_42)
FN:863,(anonymous_43)
FN:873,(anonymous_44)
FN:883,(anonymous_45)
FN:906,(anonymous_46)
FN:939,(anonymous_47)
FN:975,(anonymous_48)
FN:1002,(anonymous_49)
FN:1006,(anonymous_50)
FN:1014,(anonymous_51)
FN:1025,(anonymous_52)
FN:1035,(anonymous_53)
FN:1053,(anonymous_54)
FN:1057,(anonymous_55)
FN:1061,(anonymous_56)
FN:1064,(anonymous_57)
FN:1065,(anonymous_58)
FN:1066,(anonymous_59)
FN:1067,(anonymous_60)
FN:1094,(anonymous_61)
FN:1138,(anonymous_62)
FN:1162,(anonymous_63)
FN:1175,normalizeDescription
FN:1193,(anonymous_65)
FN:1198,buildPayOSSignature
FN:1203,createPayOSPaymentSession
FN:1351,verifyPayOSPayment
FN:1388,(anonymous_69)
FN:1407,(anonymous_70)
FN:1452,(anonymous_71)
FN:1496,(anonymous_72)
FN:1508,verifyToken
FN:1533,(anonymous_74)
FN:1551,(anonymous_75)
FN:1569,(anonymous_76)
FN:1583,(anonymous_77)
FN:1599,(anonymous_78)
FN:1613,(anonymous_79)
FN:1627,(anonymous_80)
FN:1643,(anonymous_81)
FN:1658,(anonymous_82)
FN:1672,(anonymous_83)
FN:1686,(anonymous_84)
FN:1698,(anonymous_85)
FNF:86
FNH:13
FNDA:3,normalizeUser
FNDA:1,(anonymous_1)
FNDA:1,(anonymous_2)
FNDA:0,(anonymous_3)
FNDA:1,(anonymous_4)
FNDA:1,(anonymous_5)
FNDA:1,(anonymous_6)
FNDA:1,ensureManager
FNDA:1,ensureCollector
FNDA:0,ensureResident
FNDA:0,ensureAdmin
FNDA:0,(anonymous_11)
FNDA:0,(anonymous_12)
FNDA:0,(anonymous_13)
FNDA:0,(anonymous_14)
FNDA:0,(anonymous_15)
FNDA:0,(anonymous_16)
FNDA:0,(anonymous_17)
FNDA:0,(anonymous_18)
FNDA:0,(anonymous_19)
FNDA:0,(anonymous_20)
FNDA:0,(anonymous_21)
FNDA:0,(anonymous_22)
FNDA:0,(anonymous_23)
FNDA:0,(anonymous_24)
FNDA:0,(anonymous_25)
FNDA:0,(anonymous_26)
FNDA:0,(anonymous_27)
FNDA:0,(anonymous_28)
FNDA:0,(anonymous_29)
FNDA:0,(anonymous_30)
FNDA:0,(anonymous_31)
FNDA:0,(anonymous_32)
FNDA:1,(anonymous_33)
FNDA:0,(anonymous_34)
FNDA:0,(anonymous_35)
FNDA:0,(anonymous_36)
FNDA:0,(anonymous_37)
FNDA:0,(anonymous_38)
FNDA:1,(anonymous_39)
FNDA:0,(anonymous_40)
FNDA:0,(anonymous_41)
FNDA:0,(anonymous_42)
FNDA:0,(anonymous_43)
FNDA:0,(anonymous_44)
FNDA:0,(anonymous_45)
FNDA:0,(anonymous_46)
FNDA:0,(anonymous_47)
FNDA:0,(anonymous_48)
FNDA:0,(anonymous_49)
FNDA:0,(anonymous_50)
FNDA:0,(anonymous_51)
FNDA:0,(anonymous_52)
FNDA:0,(anonymous_53)
FNDA:0,(anonymous_54)
FNDA:0,(anonymous_55)
FNDA:0,(anonymous_56)
FNDA:0,(anonymous_57)
FNDA:0,(anonymous_58)
FNDA:0,(anonymous_59)
FNDA:0,(anonymous_60)
FNDA:0,(anonymous_61)
FNDA:0,(anonymous_62)
FNDA:0,(anonymous_63)
FNDA:0,normalizeDescription
FNDA:0,(anonymous_65)
FNDA:0,buildPayOSSignature
FNDA:0,createPayOSPaymentSession
FNDA:0,verifyPayOSPayment
FNDA:0,(anonymous_69)
FNDA:0,(anonymous_70)
FNDA:0,(anonymous_71)
FNDA:1,(anonymous_72)
FNDA:3,verifyToken
FNDA:0,(anonymous_74)
FNDA:0,(anonymous_75)
FNDA:1,(anonymous_76)
FNDA:0,(anonymous_77)
FNDA:0,(anonymous_78)
FNDA:0,(anonymous_79)
FNDA:0,(anonymous_80)
FNDA:0,(anonymous_81)
FNDA:0,(anonymous_82)
FNDA:0,(anonymous_83)
FNDA:0,(anonymous_84)
FNDA:0,(anonymous_85)
DA:2,1
DA:3,1
DA:4,1
DA:5,1
DA:7,1
DA:8,1
DA:9,1
DA:10,1
DA:11,1
DA:12,1
DA:13,1
DA:14,1
DA:15,1
DA:17,1
DA:18,1
DA:19,1
DA:20,1
DA:21,1
DA:22,1
DA:23,1
DA:28,1
DA:33,1
DA:34,1
DA:37,1
DA:44,3
DA:60,1
DA:64,1
DA:66,1
DA:67,0
DA:70,1
DA:71,1
DA:74,1
DA:75,1
DA:81,1
DA:83,1
DA:84,0
DA:85,0
DA:87,0
DA:88,0
DA:90,0
DA:91,0
DA:93,0
DA:94,0
DA:96,0
DA:99,1
DA:100,1
DA:103,1
DA:104,1
DA:105,1
DA:111,1
DA:112,0
DA:113,0
DA:117,1
DA:131,1
DA:132,1
DA:134,1
DA:135,1
DA:138,0
DA:139,0
DA:146,1
DA:147,1
DA:149,1
DA:150,0
DA:153,1
DA:154,1
DA:157,1
DA:158,1
DA:164,1
DA:166,1
DA:167,0
DA:168,0
DA:170,0
DA:171,0
DA:173,0
DA:174,0
DA:176,0
DA:179,1
DA:180,1
DA:183,1
DA:185,1
DA:186,0
DA:187,0
DA:193,1
DA:194,1
DA:196,1
DA:197,1
DA:198,1
DA:201,1
DA:202,1
DA:203,1
DA:207,0
DA:217,1
DA:218,1
DA:224,0
DA:225,0
DA:232,1
DA:233,0
DA:235,0
DA:236,0
DA:239,0
DA:240,0
DA:241,0
DA:242,0
DA:243,0
DA:245,0
DA:247,0
DA:249,0
DA:251,0
DA:252,0
DA:253,0
DA:254,0
DA:255,0
DA:256,0
DA:259,0
DA:271,0
DA:274,0
DA:275,0
DA:277,0
DA:278,0
DA:279,0
DA:281,0
DA:288,1
DA:289,1
DA:290,1
DA:291,1
DA:293,0
DA:294,0
DA:301,1
DA:302,1
DA:303,1
DA:304,0
DA:306,1
DA:307,1
DA:308,1
DA:310,0
DA:311,0
DA:318,1
DA:319,1
DA:320,1
DA:321,0
DA:323,1
DA:324,1
DA:325,1
DA:327,0
DA:328,0
DA:336,1
DA:337,1
DA:338,1
DA:339,0
DA:341,1
DA:342,0
DA:345,1
DA:346,1
DA:347,1
DA:348,0
DA:351,1
DA:352,1
DA:354,0
DA:355,0
DA:360,1
DA:361,1
DA:362,1
DA:363,0
DA:366,1
DA:367,1
DA:368,1
DA:369,0
DA:372,1
DA:373,1
DA:375,0
DA:376,0
DA:381,0
DA:382,0
DA:383,0
DA:384,0
DA:387,0
DA:388,0
DA:389,0
DA:390,0
DA:393,0
DA:394,0
DA:396,0
DA:397,0
DA:405,0
DA:406,0
DA:407,0
DA:408,0
DA:411,0
DA:412,0
DA:413,0
DA:414,0
DA:417,0
DA:418,0
DA:420,0
DA:421,0
DA:429,1
DA:430,0
DA:432,0
DA:433,0
DA:434,0
DA:435,0
DA:436,0
DA:439,0
DA:444,0
DA:445,0
DA:449,1
DA:450,0
DA:451,0
DA:452,0
DA:453,0
DA:456,0
DA:463,0
DA:475,0
DA:476,0
DA:478,0
DA:479,0
DA:483,1
DA:484,0
DA:485,0
DA:486,0
DA:488,0
DA:492,0
DA:501,0
DA:503,0
DA:504,0
DA:506,0
DA:507,0
DA:511,1
DA:512,0
DA:513,0
DA:514,0
DA:515,0
DA:516,0
DA:518,0
DA:519,0
DA:523,1
DA:524,0
DA:525,0
DA:527,0
DA:528,0
DA:529,0
DA:530,0
DA:533,0
DA:534,0
DA:535,0
DA:536,0
DA:537,0
DA:538,0
DA:539,0
DA:540,0
DA:541,0
DA:542,0
DA:543,0
DA:553,0
DA:554,0
DA:555,0
DA:564,0
DA:565,0
DA:567,0
DA:568,0
DA:569,0
DA:570,0
DA:571,0
DA:572,0
DA:573,0
DA:576,0
DA:577,0
DA:578,0
DA:579,0
DA:582,0
DA:584,0
DA:585,0
DA:589,1
DA:590,0
DA:591,0
DA:592,0
DA:593,0
DA:595,0
DA:596,0
DA:597,0
DA:598,0
DA:599,0
DA:600,0
DA:601,0
DA:602,0
DA:603,0
DA:604,0
DA:605,0
DA:611,0
DA:616,0
DA:621,0
DA:622,0
DA:628,1
DA:629,0
DA:630,0
DA:631,0
DA:632,0
DA:633,0
DA:635,0
DA:637,0
DA:638,0
DA:642,1
DA:643,1
DA:644,1
DA:645,1
DA:646,1
DA:647,1
DA:649,0
DA:650,0
DA:654,1
DA:668,0
DA:670,0
DA:671,0
DA:674,0
DA:675,0
DA:678,0
DA:679,0
DA:680,0
DA:681,0
DA:684,0
DA:702,0
DA:703,0
DA:705,0
DA:706,0
DA:710,1
DA:711,0
DA:712,0
DA:713,0
DA:716,0
DA:717,0
DA:718,0
DA:719,0
DA:720,0
DA:723,0
DA:724,0
DA:725,0
DA:728,0
DA:736,0
DA:738,0
DA:739,0
DA:743,1
DA:744,0
DA:745,0
DA:746,0
DA:749,0
DA:750,0
DA:751,0
DA:752,0
DA:753,0
DA:756,0
DA:762,0
DA:764,0
DA:765,0
DA:769,1
DA:770,0
DA:771,0
DA:772,0
DA:777,0
DA:779,0
DA:780,0
DA:784,1
DA:785,1
DA:786,1
DA:787,1
DA:792,1
DA:794,0
DA:795,0
DA:799,1
DA:800,0
DA:801,0
DA:802,0
DA:803,0
DA:804,0
DA:806,0
DA:807,0
DA:811,1
DA:812,0
DA:813,0
DA:815,0
DA:816,0
DA:824,0
DA:830,0
DA:831,0
DA:832,0
DA:834,0
DA:838,1
DA:839,0
DA:840,0
DA:845,0
DA:847,0
DA:848,0
DA:856,0
DA:858,0
DA:859,0
DA:863,1
DA:864,0
DA:865,0
DA:866,0
DA:868,0
DA:869,0
DA:873,1
DA:874,0
DA:875,0
DA:876,0
DA:878,0
DA:879,0
DA:883,1
DA:884,0
DA:885,0
DA:886,0
DA:892,0
DA:898,0
DA:899,0
DA:900,0
DA:902,0
DA:906,1
DA:907,0
DA:908,0
DA:909,0
DA:912,0
DA:913,0
DA:914,0
DA:915,0
DA:916,0
DA:919,0
DA:920,0
DA:921,0
DA:922,0
DA:923,0
DA:926,0
DA:932,0
DA:934,0
DA:935,0
DA:939,1
DA:940,0
DA:941,0
DA:943,0
DA:944,0
DA:947,0
DA:948,0
DA:951,0
DA:952,0
DA:953,0
DA:954,0
DA:955,0
DA:958,0
DA:959,0
DA:960,0
DA:963,0
DA:968,0
DA:970,0
DA:971,0
DA:975,1
DA:976,0
DA:977,0
DA:978,0
DA:981,0
DA:982,0
DA:983,0
DA:984,0
DA:985,0
DA:988,0
DA:989,0
DA:990,0
DA:993,0
DA:994,0
DA:995,0
DA:997,0
DA:998,0
DA:1002,1
DA:1003,0
DA:1004,0
DA:1005,0
DA:1006,0
DA:1007,0
DA:1009,0
DA:1010,0
DA:1014,1
DA:1015,0
DA:1016,0
DA:1017,0
DA:1018,0
DA:1020,0
DA:1021,0
DA:1025,1
DA:1026,0
DA:1027,0
DA:1028,0
DA:1030,0
DA:1031,0
DA:1035,1
DA:1036,0
DA:1037,0
DA:1043,0
DA:1045,0
DA:1046,0
DA:1047,0
DA:1049,0
DA:1053,1
DA:1054,0
DA:1055,0
DA:1056,0
DA:1057,0
DA:1059,0
DA:1060,0
DA:1061,0
DA:1063,0
DA:1064,0
DA:1065,0
DA:1066,0
DA:1067,0
DA:1068,0
DA:1069,0
DA:1070,0
DA:1073,0
DA:1086,0
DA:1088,0
DA:1089,0
DA:1094,1
DA:1095,0
DA:1109,0
DA:1111,0
DA:1112,0
DA:1115,0
DA:1131,0
DA:1133,0
DA:1134,0
DA:1138,1
DA:1139,0
DA:1140,0
DA:1141,0
DA:1142,0
DA:1145,0
DA:1146,0
DA:1147,0
DA:1148,0
DA:1149,0
DA:1151,0
DA:1155,0
DA:1157,0
DA:1158,0
DA:1162,1
DA:1163,0
DA:1164,0
DA:1165,0
DA:1166,0
DA:1168,0
DA:1170,0
DA:1171,0
DA:1176,0
DA:1177,0
DA:1193,0
DA:1194,0
DA:1195,0
DA:1199,0
DA:1200,0
DA:1205,0
DA:1206,0
DA:1209,0
DA:1210,0
DA:1212,0
DA:1213,0
DA:1214,0
DA:1217,0
DA:1218,0
DA:1219,0
DA:1222,0
DA:1229,0
DA:1230,0
DA:1231,0
DA:1233,0
DA:1242,0
DA:1251,0
DA:1252,0
DA:1262,0
DA:1266,0
DA:1267,0
DA:1268,0
DA:1269,0
DA:1277,0
DA:1280,0
DA:1281,0
DA:1282,0
DA:1286,0
DA:1289,0
DA:1293,0
DA:1294,0
DA:1296,0
DA:1299,0
DA:1300,0
DA:1302,0
DA:1312,0
DA:1313,0
DA:1314,0
DA:1315,0
DA:1319,0
DA:1322,0
DA:1323,0
DA:1324,0
DA:1327,0
DA:1329,0
DA:1331,0
DA:1332,0
DA:1333,0
DA:1337,0
DA:1342,0
DA:1343,0
DA:1346,0
DA:1353,0
DA:1360,0
DA:1361,0
DA:1362,0
DA:1363,0
DA:1366,0
DA:1367,0
DA:1376,0
DA:1377,0
DA:1378,0
DA:1379,0
DA:1382,0
DA:1385,0
DA:1388,1
DA:1389,0
DA:1390,0
DA:1391,0
DA:1392,0
DA:1395,0
DA:1396,0
DA:1399,0
DA:1400,0
DA:1402,0
DA:1403,0
DA:1407,1
DA:1408,0
DA:1409,0
DA:1410,0
DA:1411,0
DA:1414,0
DA:1415,0
DA:1418,0
DA:1419,0
DA:1420,0
DA:1423,0
DA:1430,0
DA:1431,0
DA:1445,0
DA:1447,0
DA:1448,0
DA:1452,1
DA:1453,0
DA:1467,0
DA:1469,0
DA:1470,0
DA:1473,0
DA:1489,0
DA:1491,0
DA:1492,0
DA:1496,1
DA:1497,1
DA:1509,3
DA:1510,3
DA:1511,0
DA:1514,3
DA:1515,3
DA:1516,3
DA:1517,3
DA:1518,3
DA:1520,0
DA:1521,0
DA:1533,1
DA:1534,0
DA:1535,0
DA:1540,0
DA:1542,0
DA:1543,0
DA:1551,1
DA:1552,0
DA:1553,0
DA:1554,0
DA:1556,0
DA:1557,0
DA:1569,1
DA:1570,1
DA:1571,1
DA:1572,1
DA:1574,0
DA:1575,0
DA:1583,1
DA:1584,0
DA:1585,0
DA:1586,0
DA:1587,0
DA:1589,0
DA:1590,0
DA:1591,0
DA:1599,1
DA:1600,0
DA:1601,0
DA:1602,0
DA:1604,0
DA:1605,0
DA:1613,1
DA:1614,0
DA:1615,0
DA:1616,0
DA:1618,0
DA:1619,0
DA:1627,1
DA:1628,0
DA:1629,0
DA:1630,0
DA:1631,0
DA:1633,0
DA:1634,0
DA:1643,1
DA:1644,0
DA:1645,0
DA:1646,0
DA:1647,0
DA:1649,0
DA:1650,0
DA:1658,1
DA:1659,0
DA:1660,0
DA:1661,0
DA:1663,0
DA:1664,0
DA:1672,1
DA:1673,0
DA:1674,0
DA:1675,0
DA:1677,0
DA:1678,0
DA:1686,1
DA:1687,0
DA:1688,0
DA:1689,0
DA:1691,0
DA:1692,0
DA:1697,1
DA:1698,0
DA:1699,0
DA:1700,0
DA:1701,0
DA:1702,0
DA:1706,1
LF:746
LH:169
BRDA:18,0,0,1
BRDA:18,0,1,0
BRDA:20,1,0,1
BRDA:20,1,1,0
BRDA:21,2,0,1
BRDA:21,2,1,0
BRDA:22,3,0,1
BRDA:22,3,1,0
BRDA:23,4,0,1
BRDA:23,4,1,0
BRDA:23,5,0,1
BRDA:23,5,1,1
BRDA:45,6,0,3
BRDA:45,6,1,3
BRDA:46,7,0,3
BRDA:46,7,1,3
BRDA:46,7,2,3
BRDA:46,7,3,3
BRDA:47,8,0,3
BRDA:47,8,1,3
BRDA:47,8,2,3
BRDA:47,8,3,3
BRDA:48,9,0,3
BRDA:48,9,1,3
BRDA:48,9,2,3
BRDA:48,9,3,3
BRDA:49,10,0,3
BRDA:49,10,1,3
BRDA:49,10,2,3
BRDA:49,10,3,3
BRDA:50,11,0,3
BRDA:50,11,1,3
BRDA:50,11,2,3
BRDA:50,11,3,3
BRDA:51,12,0,3
BRDA:51,12,1,0
BRDA:51,12,2,0
BRDA:52,13,0,3
BRDA:52,13,1,3
BRDA:66,14,0,0
BRDA:66,14,1,1
BRDA:66,15,0,1
BRDA:66,15,1,1
BRDA:66,15,2,1
BRDA:83,16,0,0
BRDA:83,16,1,1
BRDA:84,17,0,0
BRDA:84,17,1,0
BRDA:87,18,0,0
BRDA:87,18,1,0
BRDA:90,19,0,0
BRDA:90,19,1,0
BRDA:93,20,0,0
BRDA:93,20,1,0
BRDA:111,21,0,0
BRDA:111,21,1,1
BRDA:121,22,0,1
BRDA:121,22,1,1
BRDA:122,23,0,1
BRDA:122,23,1,1
BRDA:149,24,0,0
BRDA:149,24,1,1
BRDA:149,25,0,1
BRDA:149,25,1,1
BRDA:166,26,0,0
BRDA:166,26,1,1
BRDA:167,27,0,0
BRDA:167,27,1,0
BRDA:170,28,0,0
BRDA:170,28,1,0
BRDA:170,29,0,0
BRDA:170,29,1,0
BRDA:170,29,2,0
BRDA:173,30,0,0
BRDA:173,30,1,0
BRDA:185,31,0,0
BRDA:185,31,1,1
BRDA:197,32,0,1
BRDA:197,32,1,0
BRDA:201,33,0,1
BRDA:201,33,1,0
BRDA:209,34,0,0
BRDA:209,34,1,0
BRDA:235,35,0,0
BRDA:235,35,1,0
BRDA:242,36,0,0
BRDA:242,36,1,0
BRDA:243,37,0,0
BRDA:243,37,1,0
BRDA:252,38,0,0
BRDA:252,38,1,0
BRDA:254,39,0,0
BRDA:254,39,1,0
BRDA:254,40,0,0
BRDA:254,40,1,0
BRDA:261,41,0,0
BRDA:261,41,1,0
BRDA:263,42,0,0
BRDA:263,42,1,0
BRDA:278,43,0,0
BRDA:278,43,1,0
BRDA:278,44,0,0
BRDA:278,44,1,0
BRDA:278,44,2,0
BRDA:303,45,0,0
BRDA:303,45,1,1
BRDA:320,46,0,0
BRDA:320,46,1,1
BRDA:320,47,0,1
BRDA:320,47,1,1
BRDA:338,48,0,0
BRDA:338,48,1,1
BRDA:341,49,0,0
BRDA:341,49,1,1
BRDA:347,50,0,0
BRDA:347,50,1,1
BRDA:347,51,0,1
BRDA:347,51,1,0
BRDA:362,52,0,0
BRDA:362,52,1,1
BRDA:368,53,0,0
BRDA:368,53,1,1
BRDA:383,54,0,0
BRDA:383,54,1,0
BRDA:389,55,0,0
BRDA:389,55,1,0
BRDA:407,56,0,0
BRDA:407,56,1,0
BRDA:413,57,0,0
BRDA:413,57,1,0
BRDA:435,58,0,0
BRDA:435,58,1,0
BRDA:452,59,0,0
BRDA:452,59,1,0
BRDA:452,60,0,0
BRDA:452,60,1,0
BRDA:452,60,2,0
BRDA:467,61,0,0
BRDA:467,61,1,0
BRDA:468,62,0,0
BRDA:468,62,1,0
BRDA:469,63,0,0
BRDA:469,63,1,0
BRDA:470,64,0,0
BRDA:470,64,1,0
BRDA:479,65,0,0
BRDA:479,65,1,0
BRDA:494,66,0,0
BRDA:494,66,1,0
BRDA:495,67,0,0
BRDA:495,67,1,0
BRDA:496,68,0,0
BRDA:496,68,1,0
BRDA:497,69,0,0
BRDA:497,69,1,0
BRDA:507,70,0,0
BRDA:507,70,1,0
BRDA:519,71,0,0
BRDA:519,71,1,0
BRDA:525,72,0,0
BRDA:535,73,0,0
BRDA:535,73,1,0
BRDA:541,74,0,0
BRDA:541,74,1,0
BRDA:554,75,0,0
BRDA:554,75,1,0
BRDA:557,76,0,0
BRDA:557,76,1,0
BRDA:557,76,2,0
BRDA:558,77,0,0
BRDA:558,77,1,0
BRDA:559,78,0,0
BRDA:559,78,1,0
BRDA:560,79,0,0
BRDA:560,79,1,0
BRDA:564,80,0,0
BRDA:564,80,1,0
BRDA:568,81,0,0
BRDA:568,81,1,0
BRDA:569,82,0,0
BRDA:569,82,1,0
BRDA:570,83,0,0
BRDA:570,83,1,0
BRDA:571,84,0,0
BRDA:571,84,1,0
BRDA:572,85,0,0
BRDA:572,85,1,0
BRDA:577,86,0,0
BRDA:577,86,1,0
BRDA:578,87,0,0
BRDA:578,87,1,0
BRDA:597,88,0,0
BRDA:597,88,1,0
BRDA:603,89,0,0
BRDA:603,89,1,0
BRDA:613,90,0,0
BRDA:613,90,1,0
BRDA:670,91,0,0
BRDA:670,91,1,0
BRDA:670,92,0,0
BRDA:670,92,1,0
BRDA:670,92,2,0
BRDA:670,92,3,0
BRDA:670,92,4,0
BRDA:670,92,5,0
BRDA:674,93,0,0
BRDA:674,93,1,0
BRDA:674,94,0,0
BRDA:674,94,1,0
BRDA:680,95,0,0
BRDA:680,95,1,0
BRDA:690,96,0,0
BRDA:690,96,1,0
BRDA:691,97,0,0
BRDA:691,97,1,0
BRDA:692,98,0,0
BRDA:692,98,1,0
BRDA:693,99,0,0
BRDA:693,99,1,0
BRDA:695,100,0,0
BRDA:695,100,1,0
BRDA:695,101,0,0
BRDA:695,101,1,0
BRDA:696,102,0,0
BRDA:696,102,1,0
BRDA:697,103,0,0
BRDA:697,103,1,0
BRDA:698,104,0,0
BRDA:698,104,1,0
BRDA:712,105,0,0
BRDA:712,105,1,0
BRDA:712,106,0,0
BRDA:712,106,1,0
BRDA:712,106,2,0
BRDA:719,107,0,0
BRDA:719,107,1,0
BRDA:724,108,0,0
BRDA:724,108,1,0
BRDA:731,109,0,0
BRDA:731,109,1,0
BRDA:745,110,0,0
BRDA:745,110,1,0
BRDA:752,111,0,0
BRDA:752,111,1,0
BRDA:771,112,0,0
BRDA:771,112,1,0
BRDA:786,113,0,1
BRDA:786,113,1,1
BRDA:801,114,0,0
BRDA:801,114,1,0
BRDA:801,114,2,0
BRDA:802,115,0,0
BRDA:802,115,1,0
BRDA:830,116,0,0
BRDA:830,116,1,0
BRDA:831,117,0,0
BRDA:831,117,1,0
BRDA:834,118,0,0
BRDA:834,118,1,0
BRDA:845,119,0,0
BRDA:845,119,1,0
BRDA:854,120,0,0
BRDA:854,120,1,0
BRDA:858,121,0,0
BRDA:858,121,1,0
BRDA:859,122,0,0
BRDA:859,122,1,0
BRDA:878,123,0,0
BRDA:878,123,1,0
BRDA:879,124,0,0
BRDA:879,124,1,0
BRDA:898,125,0,0
BRDA:898,125,1,0
BRDA:899,126,0,0
BRDA:899,126,1,0
BRDA:902,127,0,0
BRDA:902,127,1,0
BRDA:908,128,0,0
BRDA:908,128,1,0
BRDA:915,129,0,0
BRDA:915,129,1,0
BRDA:920,130,0,0
BRDA:920,130,1,0
BRDA:920,130,2,0
BRDA:921,131,0,0
BRDA:921,131,1,0
BRDA:922,132,0,0
BRDA:922,132,1,0
BRDA:922,133,0,0
BRDA:922,133,1,0
BRDA:943,134,0,0
BRDA:943,134,1,0
BRDA:947,135,0,0
BRDA:947,135,1,0
BRDA:947,136,0,0
BRDA:947,136,1,0
BRDA:954,137,0,0
BRDA:954,137,1,0
BRDA:959,138,0,0
BRDA:959,138,1,0
BRDA:964,139,0,0
BRDA:964,139,1,0
BRDA:977,140,0,0
BRDA:977,140,1,0
BRDA:984,141,0,0
BRDA:984,141,1,0
BRDA:989,142,0,0
BRDA:989,142,1,0
BRDA:994,143,0,0
BRDA:994,143,1,0
BRDA:1016,144,0,0
BRDA:1016,144,1,0
BRDA:1039,145,0,0
BRDA:1039,145,1,0
BRDA:1041,146,0,0
BRDA:1041,146,1,0
BRDA:1045,147,0,0
BRDA:1045,147,1,0
BRDA:1046,148,0,0
BRDA:1046,148,1,0
BRDA:1049,149,0,0
BRDA:1049,149,1,0
BRDA:1064,150,0,0
BRDA:1064,150,1,0
BRDA:1065,151,0,0
BRDA:1065,151,1,0
BRDA:1066,152,0,0
BRDA:1066,152,1,0
BRDA:1068,153,0,0
BRDA:1068,153,1,0
BRDA:1069,154,0,0
BRDA:1069,154,1,0
BRDA:1111,155,0,0
BRDA:1111,155,1,0
BRDA:1111,156,0,0
BRDA:1111,156,1,0
BRDA:1111,156,2,0
BRDA:1111,156,3,0
BRDA:1111,156,4,0
BRDA:1125,157,0,0
BRDA:1125,157,1,0
BRDA:1126,158,0,0
BRDA:1126,158,1,0
BRDA:1127,159,0,0
BRDA:1127,159,1,0
BRDA:1127,159,2,0
BRDA:1141,160,0,0
BRDA:1141,160,1,0
BRDA:1145,161,0,0
BRDA:1145,161,1,0
BRDA:1149,162,0,0
BRDA:1149,162,1,0
BRDA:1165,163,0,0
BRDA:1165,163,1,0
BRDA:1165,164,0,0
BRDA:1165,164,1,0
BRDA:1176,165,0,0
BRDA:1176,165,1,0
BRDA:1193,166,0,0
BRDA:1193,166,1,0
BRDA:1205,167,0,0
BRDA:1205,167,1,0
BRDA:1205,168,0,0
BRDA:1205,168,1,0
BRDA:1210,169,0,0
BRDA:1210,169,1,0
BRDA:1217,170,0,0
BRDA:1217,170,1,0
BRDA:1222,171,0,0
BRDA:1222,171,1,0
BRDA:1222,171,2,0
BRDA:1222,171,3,0
BRDA:1222,171,4,0
BRDA:1222,171,5,0
BRDA:1229,172,0,0
BRDA:1229,172,1,0
BRDA:1266,173,0,0
BRDA:1266,173,1,0
BRDA:1280,174,0,0
BRDA:1280,174,1,0
BRDA:1280,175,0,0
BRDA:1280,175,1,0
BRDA:1280,175,2,0
BRDA:1284,176,0,0
BRDA:1284,176,1,0
BRDA:1286,177,0,0
BRDA:1286,177,1,0
BRDA:1313,178,0,0
BRDA:1313,178,1,0
BRDA:1313,179,0,0
BRDA:1313,179,1,0
BRDA:1322,180,0,0
BRDA:1322,180,1,0
BRDA:1322,181,0,0
BRDA:1322,181,1,0
BRDA:1322,181,2,0
BRDA:1324,182,0,0
BRDA:1324,182,1,0
BRDA:1324,182,2,0
BRDA:1329,183,0,0
BRDA:1329,183,1,0
BRDA:1331,184,0,0
BRDA:1331,184,1,0
BRDA:1342,185,0,0
BRDA:1342,185,1,0
BRDA:1347,186,0,0
BRDA:1347,186,1,0
BRDA:1353,187,0,0
BRDA:1353,187,1,0
BRDA:1353,187,2,0
BRDA:1353,187,3,0
BRDA:1353,187,4,0
BRDA:1353,187,5,0
BRDA:1360,188,0,0
BRDA:1360,188,1,0
BRDA:1362,189,0,0
BRDA:1362,189,1,0
BRDA:1377,190,0,0
BRDA:1377,190,1,0
BRDA:1379,191,0,0
BRDA:1379,191,1,0
BRDA:1379,191,2,0
BRDA:1382,192,0,0
BRDA:1382,192,1,0
BRDA:1382,192,2,0
BRDA:1391,193,0,0
BRDA:1391,193,1,0
BRDA:1391,194,0,0
BRDA:1391,194,1,0
BRDA:1395,195,0,0
BRDA:1395,195,1,0
BRDA:1410,196,0,0
BRDA:1410,196,1,0
BRDA:1410,197,0,0
BRDA:1410,197,1,0
BRDA:1414,198,0,0
BRDA:1414,198,1,0
BRDA:1419,199,0,0
BRDA:1419,199,1,0
BRDA:1436,200,0,0
BRDA:1436,200,1,0
BRDA:1469,201,0,0
BRDA:1469,201,1,0
BRDA:1469,202,0,0
BRDA:1469,202,1,0
BRDA:1469,202,2,0
BRDA:1469,202,3,0
BRDA:1469,202,4,0
BRDA:1469,202,5,0
BRDA:1480,203,0,0
BRDA:1480,203,1,0
BRDA:1480,203,2,0
BRDA:1484,204,0,0
BRDA:1484,204,1,0
BRDA:1485,205,0,0
BRDA:1485,205,1,0
BRDA:1510,206,0,0
BRDA:1510,206,1,3
BRDA:1510,207,0,3
BRDA:1510,207,1,3
BRDA:1590,208,0,0
BRDA:1590,208,1,0
BRDA:1697,209,0,0
BRDA:1697,209,1,1
BRF:464
BRH:65
end_of_record
TN:
SF:services\addressService.js
FN:10,getProvinces
FN:22,(anonymous_1)
FN:27,(anonymous_2)
FN:37,(anonymous_3)
FN:42,(anonymous_4)
FN:56,getWardsByProvince
FN:92,(anonymous_6)
FN:126,(anonymous_7)
FN:131,(anonymous_8)
FN:156,(anonymous_9)
FN:161,(anonymous_10)
FNF:11
FNH:8
FNDA:3,getProvinces
FNDA:34,(anonymous_1)
FNDA:132,(anonymous_2)
FNDA:1,(anonymous_3)
FNDA:0,(anonymous_4)
FNDA:4,getWardsByProvince
FNDA:2,(anonymous_6)
FNDA:47,(anonymous_7)
FNDA:196,(anonymous_8)
FNDA:0,(anonymous_9)
FNDA:0,(anonymous_10)
DA:11,3
DA:12,3
DA:13,3
DA:15,3
DA:16,1
DA:17,0
DA:19,1
DA:22,34
DA:27,132
DA:29,2
DA:32,2
DA:33,2
DA:34,2
DA:35,1
DA:36,1
DA:37,1
DA:42,0
DA:45,1
DA:47,1
DA:57,4
DA:58,1
DA:62,3
DA:63,3
DA:64,0
DA:67,3
DA:69,3
DA:70,3
DA:73,3
DA:74,3
DA:76,2
DA:77,2
DA:78,2
DA:79,2
DA:80,2
DA:81,2
DA:83,2
DA:88,2
DA:89,2
DA:90,2
DA:91,2
DA:92,2
DA:101,2
DA:102,2
DA:104,2
DA:105,2
DA:107,2
DA:108,1
DA:109,1
DA:110,1
DA:111,8
DA:112,8
DA:113,47
DA:126,47
DA:131,196
DA:134,1
DA:137,1
DA:138,1
DA:139,1
DA:140,0
DA:141,0
DA:142,0
DA:143,0
DA:144,0
DA:145,0
DA:146,0
DA:147,0
DA:156,0
DA:161,0
DA:164,1
DA:167,1
DA:171,2
LF:71
LH:58
BRDA:16,0,0,0
BRDA:16,0,1,1
BRDA:25,1,0,34
BRDA:25,1,1,34
BRDA:26,2,0,34
BRDA:26,2,1,0
BRDA:35,3,0,1
BRDA:35,3,1,0
BRDA:57,4,0,1
BRDA:57,4,1,3
BRDA:63,5,0,0
BRDA:63,5,1,3
BRDA:76,6,0,2
BRDA:76,6,1,0
BRDA:79,7,0,2
BRDA:79,7,1,0
BRDA:88,8,0,2
BRDA:88,8,1,0
BRDA:90,9,0,2
BRDA:90,9,1,0
BRDA:101,10,0,2
BRDA:101,10,1,0
BRDA:107,11,0,1
BRDA:107,11,1,1
BRDA:109,12,0,1
BRDA:109,12,1,0
BRDA:109,13,0,1
BRDA:109,13,1,1
BRDA:111,14,0,8
BRDA:111,14,1,0
BRDA:111,15,0,8
BRDA:111,15,1,8
BRDA:129,16,0,47
BRDA:129,16,1,47
BRDA:130,17,0,47
BRDA:130,17,1,0
BRDA:130,17,2,0
BRDA:140,18,0,0
BRDA:140,18,1,0
BRDA:143,19,0,0
BRDA:143,19,1,0
BRDA:143,20,0,0
BRDA:143,20,1,0
BRDA:145,21,0,0
BRDA:145,21,1,0
BRDA:145,22,0,0
BRDA:145,22,1,0
BRF:47
BRH:24
end_of_record
TN:
SF:services\collectorService.js
FN:19,normalizeStatus
FN:23,toIsoString
FN:30,mapReport
FN:55,toDateKey
FN:62,parseRoutePoints
FN:73,getRouteMap
FN:76,(anonymous_6)
FN:82,matchesCollector
FN:94,(anonymous_8)
FN:98,mapAssignment
FN:127,mapSchedule
FN:161,getDailySchedules
FN:172,(anonymous_12)
FN:181,(anonymous_13)
FN:190,(anonymous_14)
FN:194,getAssignmentsInRange
FN:205,(anonymous_16)
FN:223,(anonymous_17)
FN:226,getDashboardSummary
FN:230,(anonymous_19)
FN:235,(anonymous_20)
FN:236,(anonymous_21)
FN:241,getAssignedReports
FN:248,(anonymous_23)
FN:252,getReportById
FN:269,getReportComments
FN:276,(anonymous_26)
FN:291,(anonymous_27)
FN:295,updateReportStatus
FN:380,notifyResidentsScheduleDelayed
FN:396,(anonymous_30)
FN:415,assertOwnership
FN:441,updateItemStatus
FNF:33
FNH:24
FNDA:11,normalizeStatus
FNDA:3,toIsoString
FNDA:1,mapReport
FNDA:5,toDateKey
FNDA:3,parseRoutePoints
FNDA:3,getRouteMap
FNDA:1,(anonymous_6)
FNDA:1,matchesCollector
FNDA:1,(anonymous_8)
FNDA:2,mapAssignment
FNDA:1,mapSchedule
FNDA:2,getDailySchedules
FNDA:2,(anonymous_12)
FNDA:1,(anonymous_13)
FNDA:1,(anonymous_14)
FNDA:1,getAssignmentsInRange
FNDA:2,(anonymous_16)
FNDA:0,(anonymous_17)
FNDA:1,getDashboardSummary
FNDA:0,(anonymous_19)
FNDA:1,(anonymous_20)
FNDA:1,(anonymous_21)
FNDA:1,getAssignedReports
FNDA:0,(anonymous_23)
FNDA:0,getReportById
FNDA:0,getReportComments
FNDA:0,(anonymous_26)
FNDA:0,(anonymous_27)
FNDA:1,updateReportStatus
FNDA:0,notifyResidentsScheduleDelayed
FNDA:0,(anonymous_30)
FNDA:2,assertOwnership
FNDA:3,updateItemStatus
DA:1,2
DA:2,2
DA:4,2
DA:5,2
DA:6,2
DA:7,2
DA:8,2
DA:10,2
DA:11,2
DA:13,2
DA:14,2
DA:15,2
DA:16,2
DA:17,2
DA:20,11
DA:24,3
DA:25,0
DA:26,0
DA:27,0
DA:31,1
DA:32,1
DA:56,5
DA:57,5
DA:58,5
DA:59,5
DA:63,3
DA:64,3
DA:65,0
DA:70,3
DA:74,3
DA:75,3
DA:76,3
DA:77,1
DA:79,3
DA:84,1
DA:91,1
DA:93,1
DA:94,1
DA:99,2
DA:100,2
DA:101,2
DA:103,2
DA:104,2
DA:128,1
DA:129,1
DA:131,1
DA:132,1
DA:133,1
DA:135,1
DA:136,1
DA:138,1
DA:162,2
DA:163,2
DA:164,2
DA:165,2
DA:167,2
DA:172,2
DA:173,2
DA:174,2
DA:175,2
DA:176,2
DA:180,2
DA:181,2
DA:182,1
DA:183,1
DA:184,1
DA:185,1
DA:186,1
DA:190,2
DA:191,2
DA:195,1
DA:196,1
DA:197,1
DA:198,1
DA:200,1
DA:205,1
DA:206,2
DA:207,2
DA:208,2
DA:209,1
DA:210,1
DA:223,1
DA:227,1
DA:228,1
DA:229,1
DA:230,0
DA:233,1
DA:235,1
DA:236,1
DA:242,1
DA:247,1
DA:248,1
DA:249,1
DA:253,0
DA:254,0
DA:255,0
DA:256,0
DA:257,0
DA:258,0
DA:260,0
DA:261,0
DA:262,0
DA:263,0
DA:264,0
DA:266,0
DA:270,0
DA:271,0
DA:276,0
DA:277,0
DA:278,0
DA:291,0
DA:292,0
DA:296,1
DA:297,1
DA:298,1
DA:300,1
DA:301,0
DA:302,0
DA:303,0
DA:306,1
DA:307,1
DA:308,0
DA:309,0
DA:310,0
DA:313,1
DA:314,1
DA:315,1
DA:316,1
DA:318,1
DA:319,0
DA:320,0
DA:321,0
DA:322,0
DA:324,1
DA:325,1
DA:326,0
DA:327,0
DA:328,0
DA:330,1
DA:331,0
DA:332,0
DA:333,0
DA:335,1
DA:336,0
DA:337,0
DA:338,0
DA:341,0
DA:342,0
DA:343,0
DA:346,1
DA:348,1
DA:352,1
DA:353,1
DA:354,1
DA:357,1
DA:359,1
DA:360,1
DA:373,1
DA:374,1
DA:381,0
DA:383,0
DA:389,0
DA:391,0
DA:392,0
DA:393,0
DA:396,0
DA:397,0
DA:398,0
DA:411,0
DA:412,0
DA:416,2
DA:417,2
DA:418,2
DA:419,2
DA:420,1
DA:421,1
DA:422,1
DA:425,1
DA:426,1
DA:427,1
DA:428,0
DA:429,0
DA:430,0
DA:432,0
DA:433,0
DA:434,0
DA:435,0
DA:438,1
DA:442,3
DA:444,3
DA:445,0
DA:446,0
DA:447,0
DA:450,3
DA:451,1
DA:452,1
DA:453,1
DA:456,2
DA:457,1
DA:458,1
DA:459,1
DA:461,1
DA:462,1
DA:463,0
DA:464,0
DA:465,0
DA:467,1
DA:473,0
DA:474,0
DA:475,0
DA:476,0
DA:477,0
DA:479,0
DA:480,0
DA:481,0
DA:482,0
DA:484,0
DA:492,0
DA:493,0
DA:494,0
DA:495,0
DA:496,0
DA:497,0
DA:499,0
DA:510,0
DA:511,0
DA:512,0
DA:515,1
DA:517,1
DA:518,1
DA:519,0
DA:520,0
DA:521,0
DA:528,1
DA:529,1
DA:536,2
LF:236
LH:143
BRDA:20,0,0,11
BRDA:20,0,1,3
BRDA:24,1,0,3
BRDA:24,1,1,0
BRDA:25,2,0,0
BRDA:25,2,1,0
BRDA:27,3,0,0
BRDA:27,3,1,0
BRDA:34,4,0,1
BRDA:34,4,1,1
BRDA:36,5,0,1
BRDA:36,5,1,1
BRDA:37,6,0,1
BRDA:37,6,1,1
BRDA:38,7,0,1
BRDA:38,7,1,1
BRDA:39,8,0,1
BRDA:39,8,1,1
BRDA:40,9,0,1
BRDA:40,9,1,1
BRDA:41,10,0,1
BRDA:41,10,1,1
BRDA:42,11,0,1
BRDA:42,11,1,1
BRDA:43,12,0,1
BRDA:43,12,1,1
BRDA:44,13,0,1
BRDA:44,13,1,1
BRDA:45,14,0,1
BRDA:45,14,1,1
BRDA:56,15,0,0
BRDA:56,15,1,5
BRDA:57,16,0,0
BRDA:57,16,1,5
BRDA:58,17,0,0
BRDA:58,17,1,5
BRDA:63,18,0,0
BRDA:63,18,1,3
BRDA:64,19,0,0
BRDA:64,19,1,3
BRDA:64,20,0,3
BRDA:64,20,1,0
BRDA:91,21,0,0
BRDA:91,21,1,1
BRDA:94,22,0,1
BRDA:94,22,1,0
BRDA:94,22,2,0
BRDA:101,23,0,0
BRDA:101,23,1,2
BRDA:103,24,0,2
BRDA:103,24,1,1
BRDA:107,25,0,2
BRDA:107,25,1,2
BRDA:109,26,0,2
BRDA:109,26,1,1
BRDA:111,27,0,2
BRDA:111,27,1,2
BRDA:112,28,0,2
BRDA:112,28,1,2
BRDA:113,29,0,2
BRDA:113,29,1,2
BRDA:114,30,0,2
BRDA:114,30,1,2
BRDA:114,31,0,2
BRDA:114,31,1,2
BRDA:115,32,0,2
BRDA:115,32,1,2
BRDA:115,33,0,2
BRDA:115,33,1,2
BRDA:116,34,0,2
BRDA:116,34,1,2
BRDA:119,35,0,2
BRDA:119,35,1,2
BRDA:120,36,0,2
BRDA:120,36,1,2
BRDA:122,37,0,2
BRDA:122,37,1,2
BRDA:122,37,2,2
BRDA:123,38,0,2
BRDA:123,38,1,2
BRDA:123,38,2,2
BRDA:129,39,0,0
BRDA:129,39,1,1
BRDA:131,40,0,1
BRDA:131,40,1,0
BRDA:133,41,0,0
BRDA:133,41,1,1
BRDA:135,42,0,1
BRDA:135,42,1,0
BRDA:136,43,0,1
BRDA:136,43,1,1
BRDA:141,44,0,1
BRDA:141,44,1,1
BRDA:143,45,0,1
BRDA:143,45,1,1
BRDA:143,45,2,0
BRDA:145,46,0,1
BRDA:145,46,1,1
BRDA:145,46,2,1
BRDA:146,47,0,1
BRDA:146,47,1,1
BRDA:146,47,2,1
BRDA:147,48,0,1
BRDA:147,48,1,1
BRDA:147,48,2,1
BRDA:148,49,0,1
BRDA:148,49,1,1
BRDA:149,50,0,1
BRDA:149,50,1,1
BRDA:150,51,0,1
BRDA:150,51,1,1
BRDA:153,52,0,1
BRDA:153,52,1,1
BRDA:153,52,2,1
BRDA:154,53,0,1
BRDA:154,53,1,1
BRDA:155,54,0,1
BRDA:155,54,1,1
BRDA:155,54,2,1
BRDA:156,55,0,1
BRDA:156,55,1,1
BRDA:157,56,0,1
BRDA:157,56,1,1
BRDA:162,57,0,2
BRDA:162,57,1,0
BRDA:174,58,0,2
BRDA:174,58,1,0
BRDA:182,59,0,0
BRDA:182,59,1,1
BRDA:184,60,0,1
BRDA:184,60,1,0
BRDA:190,61,0,1
BRDA:190,61,1,1
BRDA:190,62,0,1
BRDA:190,62,1,1
BRDA:197,63,0,1
BRDA:197,63,1,0
BRDA:198,64,0,1
BRDA:198,64,1,0
BRDA:208,65,0,1
BRDA:208,65,1,1
BRDA:208,66,0,2
BRDA:208,66,1,2
BRDA:208,66,2,1
BRDA:209,67,0,1
BRDA:209,67,1,1
BRDA:211,68,0,1
BRDA:211,68,1,1
BRDA:213,69,0,1
BRDA:213,69,1,1
BRDA:248,70,0,0
BRDA:248,70,1,0
BRDA:248,71,0,0
BRDA:248,71,1,0
BRDA:255,72,0,0
BRDA:255,72,1,0
BRDA:261,73,0,0
BRDA:261,73,1,0
BRDA:280,74,0,0
BRDA:280,74,1,0
BRDA:284,75,0,0
BRDA:284,75,1,0
BRDA:285,76,0,0
BRDA:285,76,1,0
BRDA:286,77,0,0
BRDA:286,77,1,0
BRDA:291,78,0,0
BRDA:291,78,1,0
BRDA:291,79,0,0
BRDA:291,79,1,0
BRDA:300,80,0,0
BRDA:300,80,1,1
BRDA:307,81,0,0
BRDA:307,81,1,1
BRDA:316,82,0,1
BRDA:316,82,1,0
BRDA:318,83,0,0
BRDA:318,83,1,1
BRDA:319,84,0,0
BRDA:319,84,1,0
BRDA:319,85,0,0
BRDA:319,85,1,0
BRDA:324,86,0,1
BRDA:324,86,1,0
BRDA:324,87,0,1
BRDA:324,87,1,1
BRDA:325,88,0,0
BRDA:325,88,1,1
BRDA:330,89,0,0
BRDA:330,89,1,1
BRDA:335,90,0,0
BRDA:335,90,1,1
BRDA:335,91,0,1
BRDA:335,91,1,1
BRDA:346,92,0,1
BRDA:346,92,1,0
BRDA:352,93,0,1
BRDA:352,93,1,0
BRDA:365,94,0,1
BRDA:365,94,1,0
BRDA:365,95,0,0
BRDA:365,95,1,0
BRDA:368,96,0,1
BRDA:368,96,1,0
BRDA:381,97,0,0
BRDA:381,97,1,0
BRDA:389,98,0,0
BRDA:389,98,1,0
BRDA:393,99,0,0
BRDA:393,99,1,0
BRDA:394,100,0,0
BRDA:394,100,1,0
BRDA:416,101,0,2
BRDA:416,101,1,0
BRDA:419,102,0,1
BRDA:419,102,1,1
BRDA:426,103,0,1
BRDA:426,103,1,0
BRDA:427,104,0,0
BRDA:427,104,1,1
BRDA:432,105,0,0
BRDA:432,105,1,0
BRDA:444,106,0,0
BRDA:444,106,1,3
BRDA:444,107,0,3
BRDA:444,107,1,3
BRDA:444,107,2,3
BRDA:450,108,0,1
BRDA:450,108,1,2
BRDA:461,109,0,1
BRDA:461,109,1,0
BRDA:462,110,0,0
BRDA:462,110,1,1
BRDA:473,111,0,0
BRDA:473,111,1,0
BRDA:474,112,0,0
BRDA:474,112,1,0
BRDA:479,113,0,0
BRDA:479,113,1,0
BRDA:479,114,0,0
BRDA:479,114,1,0
BRDA:492,115,0,0
BRDA:492,115,1,0
BRDA:493,116,0,0
BRDA:493,116,1,0
BRDA:494,117,0,0
BRDA:494,117,1,0
BRDA:494,118,0,0
BRDA:494,118,1,0
BRDA:503,119,0,0
BRDA:503,119,1,0
BRDA:506,120,0,0
BRDA:506,120,1,0
BRDA:518,121,0,0
BRDA:518,121,1,1
BRDA:520,122,0,0
BRDA:520,122,1,0
BRDA:522,123,0,0
BRDA:522,123,1,0
BRDA:522,123,2,0
BRDA:522,124,0,0
BRDA:522,124,1,0
BRDA:523,125,0,0
BRDA:523,125,1,0
BRDA:523,125,2,0
BRF:265
BRH:154
end_of_record
TN:
SF:services\complaintService.js
FN:10,createComplaint
FN:50,getUserComplaints
FN:59,(anonymous_2)
FN:65,(anonymous_3)
FNF:4
FNH:4
FNDA:4,createComplaint
FNDA:2,getUserComplaints
FNDA:3,(anonymous_2)
FNDA:3,(anonymous_3)
DA:1,2
DA:11,4
DA:13,4
DA:14,1
DA:16,3
DA:17,1
DA:19,2
DA:20,1
DA:23,1
DA:40,1
DA:41,1
DA:51,2
DA:55,2
DA:56,1
DA:59,3
DA:65,1
DA:66,3
DA:67,3
DA:68,3
DA:71,1
DA:74,2
LF:21
LH:21
BRDA:13,0,0,1
BRDA:13,0,1,3
BRDA:13,1,0,4
BRDA:13,1,1,3
BRDA:16,2,0,1
BRDA:16,2,1,2
BRDA:16,3,0,3
BRDA:16,3,1,2
BRDA:19,4,0,1
BRDA:19,4,1,1
BRDA:19,5,0,2
BRDA:19,5,1,1
BRDA:25,6,0,1
BRDA:25,6,1,0
BRDA:29,7,0,1
BRDA:29,7,1,0
BRDA:30,8,0,1
BRDA:30,8,1,0
BRDA:31,9,0,1
BRDA:31,9,1,0
BRDA:55,10,0,1
BRDA:55,10,1,1
BRDA:66,11,0,1
BRDA:66,11,1,2
BRDA:67,12,0,3
BRDA:67,12,1,0
BRF:26
BRH:21
end_of_record
TN:
SF:services\invoiceService.js
FN:3,getTimestampMillis
FN:10,serializeInvoice
FN:15,(anonymous_2)
FN:36,getLatestInvoiceForUser
FN:45,(anonymous_4)
FN:46,(anonymous_5)
FN:50,getInvoiceById
FN:58,createOrUpdateInvoice
FN:79,updateInvoice
FN:92,(anonymous_9)
FNF:10
FNH:10
FNDA:6,getTimestampMillis
FNDA:4,serializeInvoice
FNDA:16,(anonymous_2)
FNDA:2,getLatestInvoiceForUser
FNDA:3,(anonymous_4)
FNDA:3,(anonymous_5)
FNDA:4,getInvoiceById
FNDA:2,createOrUpdateInvoice
FNDA:1,updateInvoice
FNDA:7,(anonymous_9)
DA:1,2
DA:4,6
DA:5,6
DA:6,4
DA:7,2
DA:11,4
DA:12,4
DA:13,4
DA:15,4
DA:16,16
DA:17,1
DA:18,1
DA:19,0
DA:20,0
DA:21,0
DA:22,0
DA:23,0
DA:25,0
DA:26,0
DA:27,0
DA:33,4
DA:37,2
DA:41,2
DA:42,1
DA:45,3
DA:46,3
DA:47,1
DA:51,4
DA:52,4
DA:53,1
DA:55,3
DA:59,2
DA:60,2
DA:61,1
DA:64,1
DA:75,1
DA:76,1
DA:80,1
DA:91,1
DA:92,7
DA:95,1
DA:96,0
DA:99,1
DA:100,1
DA:103,2
LF:45
LH:36
BRDA:4,0,0,0
BRDA:4,0,1,6
BRDA:5,1,0,2
BRDA:5,1,1,4
BRDA:6,2,0,2
BRDA:6,2,1,2
BRDA:11,3,0,0
BRDA:11,3,1,4
BRDA:16,4,0,1
BRDA:16,4,1,15
BRDA:17,5,0,1
BRDA:17,5,1,0
BRDA:19,6,0,0
BRDA:19,6,1,0
BRDA:21,7,0,0
BRDA:21,7,1,0
BRDA:21,8,0,0
BRDA:21,8,1,0
BRDA:21,8,2,0
BRDA:22,9,0,0
BRDA:22,9,1,0
BRDA:26,10,0,0
BRDA:26,10,1,0
BRDA:41,11,0,1
BRDA:41,11,1,1
BRDA:47,12,0,1
BRDA:47,12,1,0
BRDA:52,13,0,1
BRDA:52,13,1,3
BRDA:60,14,0,1
BRDA:60,14,1,1
BRDA:66,15,0,1
BRDA:66,15,1,0
BRDA:67,16,0,1
BRDA:67,16,1,1
BRDA:68,17,0,1
BRDA:68,17,1,1
BRDA:69,18,0,0
BRDA:69,18,1,1
BRDA:70,19,0,1
BRDA:70,19,1,0
BRDA:71,20,0,0
BRDA:71,20,1,1
BRDA:72,21,0,0
BRDA:72,21,1,1
BRDA:82,22,0,1
BRDA:82,22,1,0
BRDA:83,23,0,0
BRDA:83,23,1,1
BRDA:84,24,0,0
BRDA:84,24,1,1
BRDA:85,25,0,0
BRDA:85,25,1,1
BRDA:86,26,0,0
BRDA:86,26,1,1
BRDA:87,27,0,1
BRDA:87,27,1,0
BRDA:88,28,0,0
BRDA:88,28,1,1
BRDA:95,29,0,0
BRDA:95,29,1,1
BRF:61
BRH:33
end_of_record
TN:
SF:services\notificationService.js
FN:13,getNotifications
FN:30,(anonymous_1)
FN:41,(anonymous_2)
FN:56,(anonymous_3)
FN:65,markAsRead
FN:91,markAllAsRead
FN:110,(anonymous_6)
FN:117,(anonymous_7)
FN:141,getNotificationSettings
FN:162,updateNotificationSettings
FN:178,getAdminNotifications
FN:187,(anonymous_11)
FN:213,(anonymous_12)
FN:219,createAdminNotification
FN:240,updateAdminNotification
FN:257,deleteAdminNotification
FNF:16
FNH:11
FNDA:2,getNotifications
FNDA:1,(anonymous_1)
FNDA:1,(anonymous_2)
FNDA:0,(anonymous_3)
FNDA:1,markAsRead
FNDA:1,markAllAsRead
FNDA:0,(anonymous_6)
FNDA:0,(anonymous_7)
FNDA:1,getNotificationSettings
FNDA:1,updateNotificationSettings
FNDA:1,getAdminNotifications
FNDA:0,(anonymous_11)
FNDA:0,(anonymous_12)
FNDA:1,createAdminNotification
FNDA:1,updateAdminNotification
FNDA:1,deleteAdminNotification
DA:1,2
DA:2,2
DA:4,2
DA:5,2
DA:14,2
DA:15,2
DA:17,2
DA:22,2
DA:27,2
DA:29,2
DA:30,1
DA:31,1
DA:32,1
DA:40,2
DA:41,1
DA:42,1
DA:43,0
DA:44,0
DA:45,0
DA:55,2
DA:56,2
DA:66,1
DA:67,1
DA:69,1
DA:70,0
DA:73,1
DA:75,1
DA:76,1
DA:77,0
DA:78,0
DA:82,0
DA:92,1
DA:93,1
DA:95,1
DA:101,1
DA:106,1
DA:107,1
DA:109,1
DA:110,0
DA:111,0
DA:112,0
DA:116,1
DA:117,0
DA:118,0
DA:119,0
DA:120,0
DA:121,0
DA:124,0
DA:129,1
DA:130,0
DA:133,1
DA:142,1
DA:146,1
DA:147,0
DA:150,1
DA:163,1
DA:166,1
DA:167,0
DA:170,1
DA:179,1
DA:180,1
DA:181,0
DA:183,1
DA:185,1
DA:187,0
DA:188,0
DA:190,0
DA:191,0
DA:192,0
DA:193,0
DA:194,0
DA:197,0
DA:198,0
DA:199,0
DA:200,0
DA:201,0
DA:204,0
DA:213,0
DA:220,1
DA:221,1
DA:233,1
DA:234,1
DA:241,1
DA:242,1
DA:250,1
DA:251,1
DA:258,1
DA:259,1
DA:262,2
LF:89
LH:55
BRDA:15,0,0,2
BRDA:15,0,1,0
BRDA:29,1,0,1
BRDA:29,1,1,1
BRDA:35,2,0,1
BRDA:35,2,1,1
BRDA:40,3,0,1
BRDA:40,3,1,1
BRDA:42,4,0,0
BRDA:42,4,1,1
BRDA:44,5,0,0
BRDA:44,5,1,0
BRDA:49,6,0,0
BRDA:49,6,1,0
BRDA:69,7,0,0
BRDA:69,7,1,1
BRDA:75,8,0,1
BRDA:75,8,1,0
BRDA:77,9,0,0
BRDA:77,9,1,0
BRDA:93,10,0,1
BRDA:93,10,1,0
BRDA:109,11,0,0
BRDA:109,11,1,1
BRDA:116,12,0,0
BRDA:116,12,1,1
BRDA:119,13,0,0
BRDA:119,13,1,0
BRDA:120,14,0,0
BRDA:120,14,1,0
BRDA:129,15,0,0
BRDA:129,15,1,1
BRDA:146,16,0,0
BRDA:146,16,1,1
BRDA:150,17,0,1
BRDA:150,17,1,1
BRDA:166,18,0,0
BRDA:166,18,1,1
BRDA:166,19,0,1
BRDA:166,19,1,1
BRDA:166,19,2,1
BRDA:180,20,0,0
BRDA:180,20,1,1
BRDA:180,21,0,1
BRDA:180,21,1,0
BRDA:185,22,0,1
BRDA:185,22,1,0
BRDA:191,23,0,0
BRDA:191,23,1,0
BRDA:193,24,0,0
BRDA:193,24,1,0
BRDA:197,25,0,0
BRDA:197,25,1,0
BRDA:198,26,0,0
BRDA:198,26,1,0
BRDA:200,27,0,0
BRDA:200,27,1,0
BRDA:224,28,0,1
BRDA:224,28,1,1
BRDA:225,29,0,1
BRDA:225,29,1,1
BRDA:245,30,0,1
BRDA:245,30,1,1
BRDA:246,31,0,1
BRDA:246,31,1,1
BRF:65
BRH:32
end_of_record
TN:
SF:services\reportService.js
FN:10,normalizeStatus
FN:14,toIsoString
FN:21,mapReport
FN:48,listReports
FN:53,(anonymous_4)
FN:55,(anonymous_5)
FN:59,getReportComments
FN:65,(anonymous_7)
FN:80,(anonymous_8)
FN:84,notifyCitizenReportClosed
FN:99,approveReport
FNF:11
FNH:11
FNDA:10,normalizeStatus
FNDA:22,toIsoString
FNDA:5,mapReport
FNDA:2,listReports
FNDA:2,(anonymous_4)
FNDA:1,(anonymous_5)
FNDA:1,getReportComments
FNDA:2,(anonymous_7)
FNDA:1,(anonymous_8)
FNDA:1,notifyCitizenReportClosed
FNDA:3,approveReport
DA:1,2
DA:2,2
DA:4,2
DA:5,2
DA:6,2
DA:8,2
DA:11,10
DA:15,22
DA:16,6
DA:17,6
DA:18,6
DA:22,5
DA:23,5
DA:49,2
DA:50,2
DA:51,2
DA:52,1
DA:53,2
DA:55,2
DA:56,2
DA:60,1
DA:65,1
DA:66,2
DA:67,2
DA:80,1
DA:81,1
DA:85,1
DA:86,1
DA:100,3
DA:101,3
DA:103,3
DA:104,1
DA:105,1
DA:106,1
DA:109,2
DA:110,2
DA:111,2
DA:112,1
DA:113,1
DA:114,1
DA:117,1
DA:118,1
DA:120,1
DA:126,1
DA:127,1
DA:138,1
DA:144,1
DA:145,1
DA:151,2
LF:49
LH:49
BRDA:11,0,0,10
BRDA:11,0,1,0
BRDA:15,1,0,16
BRDA:15,1,1,6
BRDA:16,2,0,0
BRDA:16,2,1,6
BRDA:18,3,0,0
BRDA:18,3,1,6
BRDA:25,4,0,5
BRDA:25,4,1,5
BRDA:27,5,0,5
BRDA:27,5,1,5
BRDA:28,6,0,5
BRDA:28,6,1,5
BRDA:29,7,0,5
BRDA:29,7,1,5
BRDA:30,8,0,5
BRDA:30,8,1,5
BRDA:31,9,0,5
BRDA:31,9,1,5
BRDA:32,10,0,5
BRDA:32,10,1,5
BRDA:33,11,0,5
BRDA:33,11,1,5
BRDA:34,12,0,5
BRDA:34,12,1,5
BRDA:35,13,0,5
BRDA:35,13,1,5
BRDA:36,14,0,5
BRDA:36,14,1,5
BRDA:37,15,0,5
BRDA:37,15,1,5
BRDA:51,16,0,1
BRDA:51,16,1,1
BRDA:55,17,0,1
BRDA:55,17,1,0
BRDA:55,18,0,1
BRDA:55,18,1,0
BRDA:69,19,0,2
BRDA:69,19,1,2
BRDA:73,20,0,2
BRDA:73,20,1,2
BRDA:74,21,0,2
BRDA:74,21,1,2
BRDA:75,22,0,2
BRDA:75,22,1,2
BRDA:80,23,0,1
BRDA:80,23,1,0
BRDA:80,24,0,1
BRDA:80,24,1,0
BRDA:85,25,0,0
BRDA:85,25,1,1
BRDA:88,26,0,1
BRDA:88,26,1,0
BRDA:99,27,0,2
BRDA:103,28,0,1
BRDA:103,28,1,2
BRDA:111,29,0,1
BRDA:111,29,1,1
BRDA:118,30,0,1
BRDA:118,30,1,0
BRDA:118,31,0,1
BRDA:118,31,1,0
BRF:63
BRH:52
end_of_record
TN:
SF:services\scheduleService.js
FN:11,normalizeStr
FN:27,locationMatch
FN:41,getSchedules
FN:63,(anonymous_3)
FN:70,(anonymous_4)
FN:74,(anonymous_5)
FN:81,(anonymous_6)
FN:95,(anonymous_7)
FNF:8
FNH:8
FNDA:30,normalizeStr
FNDA:13,locationMatch
FNDA:8,getSchedules
FNDA:7,(anonymous_3)
FNDA:7,(anonymous_4)
FNDA:6,(anonymous_5)
FNDA:2,(anonymous_6)
FNDA:1,(anonymous_7)
DA:5,2
DA:12,30
DA:13,30
DA:28,13
DA:29,13
DA:30,13
DA:42,8
DA:43,1
DA:46,7
DA:48,7
DA:49,7
DA:54,7
DA:55,7
DA:57,6
DA:58,1
DA:59,1
DA:62,5
DA:63,5
DA:64,7
DA:67,5
DA:70,7
DA:71,5
DA:74,6
DA:75,5
DA:79,5
DA:80,1
DA:81,1
DA:83,2
DA:84,2
DA:85,2
DA:87,2
DA:89,1
DA:91,4
DA:95,5
DA:96,1
DA:97,1
DA:98,1
DA:101,5
DA:102,5
DA:104,1
DA:106,1
DA:107,1
DA:111,2
LF:43
LH:43
BRDA:12,0,0,0
BRDA:12,0,1,30
BRDA:30,1,0,13
BRDA:30,1,1,6
BRDA:30,1,2,1
BRDA:42,2,0,1
BRDA:42,2,1,7
BRDA:42,3,0,8
BRDA:42,3,1,8
BRDA:46,4,0,7
BRDA:46,4,1,6
BRDA:49,5,0,7
BRDA:49,5,1,6
BRDA:57,6,0,1
BRDA:57,6,1,5
BRDA:79,7,0,1
BRDA:79,7,1,4
BRDA:83,8,0,0
BRDA:83,8,1,2
BRDA:83,9,0,2
BRDA:83,9,1,2
BRDA:87,10,0,2
BRDA:87,10,1,1
BRDA:96,11,0,1
BRDA:96,11,1,0
BRDA:97,12,0,0
BRDA:97,12,1,1
BRDA:106,13,0,1
BRDA:106,13,1,0
BRDA:106,14,0,1
BRDA:106,14,1,1
BRF:31
BRH:26
end_of_record
